01-05 16:26:53 com_github_MitjaNemec_ReplicateLayout.action_replicate_layout 409:Plugin executed on: 'linux'
01-05 16:26:53 com_github_MitjaNemec_ReplicateLayout.action_replicate_layout 410:Plugin executed with python version: '3.14.2 (main, Dec  5 2025, 00:00:00) [GCC 15.2.1 20251111 (Red Hat 15.2.1-4)]'
01-05 16:26:53 com_github_MitjaNemec_ReplicateLayout.action_replicate_layout 411:KiCad build version: 9.0.6-1.fc43
01-05 16:26:53 com_github_MitjaNemec_ReplicateLayout.action_replicate_layout 412:Plugin version: 4.0.3
01-05 16:26:53 com_github_MitjaNemec_ReplicateLayout.action_replicate_layout 413:Frame repr: <wx._core.Frame object at 0x7f90395ad250>
01-05 16:26:53 com_github_MitjaNemec_ReplicateLayout.action_replicate_layout 437:Preparing replicator with D5001 as a reference
01-05 16:26:53 com_github_MitjaNemec_ReplicateLayout.replicate_layout 117:getting a list of all footprints on board
01-05 16:26:54 com_github_MitjaNemec_ReplicateLayout.action_replicate_layout 485:source anchor footprint is 'D5001'
Located on: ['analogue_inputs', 'Analogue Input Stage']
With filenames: ['analogue_inputs.kicad_sch', 'analogue_input_stage.kicad_sch']
With sheet_id:['analogue_inputs', 'Analogue Input Stage']
01-05 16:26:54 com_github_MitjaNemec_ReplicateLayout.action_replicate_layout 492:Corresponding footprints are 
[('D5801', ['analogue_inputs', 'Analogue Input Stage8']), ('D5701', ['analogue_inputs', 'Analogue Input Stage7']), ('D5601', ['analogue_inputs', 'Analogue Input Stage6']), ('D5501', ['analogue_inputs', 'Analogue Input Stage5']), ('D5401', ['analogue_inputs', 'Analogue Input Stage4']), ('D5301', ['analogue_inputs', 'Analogue Input Stage3']), ('D5201', ['analogue_inputs', 'Analogue Input Stage2']), ('D5001', ['analogue_inputs', 'Analogue Input Stage']), ('D5101', ['analogue_inputs', 'Analogue Input Stage1'])]
01-05 16:26:54 com_github_MitjaNemec_ReplicateLayout.action_replicate_layout 504:Showing dialog
01-05 16:26:54 com_github_MitjaNemec_ReplicateLayout.replicate_layout 472:constructing a list of sheets suitable for replication on level:'Analogue Input Stage', file:'analogue_input_stage.kicad_sch'
01-05 16:26:54 com_github_MitjaNemec_ReplicateLayout.replicate_layout 509:suitable sheets are:[['analogue_inputs', 'Analogue Input Stage1'], ['analogue_inputs', 'Analogue Input Stage2'], ['analogue_inputs', 'Analogue Input Stage3'], ['analogue_inputs', 'Analogue Input Stage4'], ['analogue_inputs', 'Analogue Input Stage5'], ['analogue_inputs', 'Analogue Input Stage6'], ['analogue_inputs', 'Analogue Input Stage7'], ['analogue_inputs', 'Analogue Input Stage8']]
01-05 16:26:54 com_github_MitjaNemec_ReplicateLayout.replicate_layout 1512:Level selected: ['analogue_inputs', 'Analogue Input Stage']
01-05 16:26:54 com_github_MitjaNemec_ReplicateLayout.replicate_layout 1336:Filtering list of tracks
01-05 16:26:54 com_github_MitjaNemec_ReplicateLayout.action_replicate_layout 510:Toolbar position: wx.Point(11575, 2249)
01-05 16:26:54 com_github_MitjaNemec_ReplicateLayout.action_replicate_layout 515:Dialog position: wx.Point(11136, 2249)
01-05 16:27:20 com_github_MitjaNemec_ReplicateLayout.replicate_layout 472:constructing a list of sheets suitable for replication on level:'Analogue Input Stage', file:'analogue_input_stage.kicad_sch'
01-05 16:27:20 com_github_MitjaNemec_ReplicateLayout.replicate_layout 509:suitable sheets are:[['analogue_inputs', 'Analogue Input Stage1'], ['analogue_inputs', 'Analogue Input Stage2'], ['analogue_inputs', 'Analogue Input Stage3'], ['analogue_inputs', 'Analogue Input Stage4'], ['analogue_inputs', 'Analogue Input Stage5'], ['analogue_inputs', 'Analogue Input Stage6'], ['analogue_inputs', 'Analogue Input Stage7'], ['analogue_inputs', 'Analogue Input Stage8']]
01-05 16:27:20 com_github_MitjaNemec_ReplicateLayout.action_replicate_layout 248:Replicating layout
01-05 16:27:20 com_github_MitjaNemec_ReplicateLayout.replicate_layout 288:Starting replication of sheets: [['analogue_inputs', 'Analogue Input Stage1'], ['analogue_inputs', 'Analogue Input Stage2'], ['analogue_inputs', 'Analogue Input Stage3'], ['analogue_inputs', 'Analogue Input Stage4'], ['analogue_inputs', 'Analogue Input Stage5'], ['analogue_inputs', 'Analogue Input Stage6'], ['analogue_inputs', 'Analogue Input Stage7'], ['analogue_inputs', 'Analogue Input Stage8']]
on level: ['analogue_inputs', 'Analogue Input Stage']
with tracks=True, zone=True, text=True, text=True, intersecting=False, remove=False, locked footprints=False, group_only=False
01-05 16:27:20 root 340:updating GUI message: 'Preparing for replication'
01-05 16:27:21 root 345:updating GUI with: 0
01-05 16:27:21 com_github_MitjaNemec_ReplicateLayout.replicate_layout 358:Getting the list of source footprints
01-05 16:27:21 root 345:updating GUI with: 0
01-05 16:27:21 com_github_MitjaNemec_ReplicateLayout.replicate_layout 368:Getting the list of all the remaining footprints
01-05 16:27:21 com_github_MitjaNemec_ReplicateLayout.replicate_layout 375:Getting source tracks
01-05 16:27:21 com_github_MitjaNemec_ReplicateLayout.replicate_layout 1336:Filtering list of tracks
01-05 16:27:21 com_github_MitjaNemec_ReplicateLayout.replicate_layout 379:Getting source zones
01-05 16:27:21 root 345:updating GUI with: 50
01-05 16:27:21 com_github_MitjaNemec_ReplicateLayout.replicate_layout 383:Getting source text items
01-05 16:27:21 root 345:updating GUI with: 66
01-05 16:27:21 com_github_MitjaNemec_ReplicateLayout.replicate_layout 387:Getting source drawing items
01-05 16:27:21 root 340:updating GUI message: 'Replicating footprints'
01-05 16:27:21 com_github_MitjaNemec_ReplicateLayout.replicate_layout 863:Replicating footprints
01-05 16:27:21 com_github_MitjaNemec_ReplicateLayout.replicate_layout 870:Replicating footprints on sheet ['analogue_inputs', 'Analogue Input Stage1']
01-05 16:27:21 com_github_MitjaNemec_ReplicateLayout.replicate_layout 835:Src fp.id: '5E7373B1-D9FF-43E2-B56D-7CBFDD5FDC53'
01-05 16:27:21 com_github_MitjaNemec_ReplicateLayout.replicate_layout 839:Dst fp.id: '5E7373B1-D9FF-43E2-B56D-7CBFDD5FDC53'
01-05 16:27:21 com_github_MitjaNemec_ReplicateLayout.replicate_layout 888:Replicating footprint: 'D5001'
01-05 16:27:21 com_github_MitjaNemec_ReplicateLayout.replicate_layout 835:Src fp.id: '5E7373B1-D9FF-43E2-B56D-7CBFDD5FDC53'
01-05 16:27:21 com_github_MitjaNemec_ReplicateLayout.replicate_layout 839:Dst fp.id: '5E7373B1-D9FF-43E2-B56D-7CBFDD5FDC53'
01-05 16:27:21 com_github_MitjaNemec_ReplicateLayout.replicate_layout 895:found match in dst footprint: 'D5101'
01-05 16:27:21 com_github_MitjaNemec_ReplicateLayout.replicate_layout 990:Src text UUid:a6851ac2-15d5-4051-b895-8cf813032b54
01-05 16:27:21 com_github_MitjaNemec_ReplicateLayout.replicate_layout 991:Dst text UUid:00a4e0a7-69f8-490b-b478-5bc0dba4589f
01-05 16:27:21 com_github_MitjaNemec_ReplicateLayout.replicate_layout 990:Src text UUid:9d8fccdc-6c45-46e9-80e5-83f054b5e178
01-05 16:27:21 com_github_MitjaNemec_ReplicateLayout.replicate_layout 991:Dst text UUid:c544b5f4-ac62-4744-892f-f0eb25766f7a
01-05 16:27:21 com_github_MitjaNemec_ReplicateLayout.replicate_layout 990:Src text UUid:20a54244-3dcf-452e-8a5e-d739a3f58dbf
01-05 16:27:21 com_github_MitjaNemec_ReplicateLayout.replicate_layout 991:Dst text UUid:dfec0e07-ec75-46fe-8ba0-4897eb197c71
01-05 16:27:21 com_github_MitjaNemec_ReplicateLayout.replicate_layout 888:Replicating footprint: 'R5001'
01-05 16:27:21 com_github_MitjaNemec_ReplicateLayout.replicate_layout 835:Src fp.id: '19B7C1AE-1AD0-410D-82F5-10917D718F32'
01-05 16:27:21 com_github_MitjaNemec_ReplicateLayout.replicate_layout 839:Dst fp.id: '19B7C1AE-1AD0-410D-82F5-10917D718F32'
01-05 16:27:21 com_github_MitjaNemec_ReplicateLayout.replicate_layout 895:found match in dst footprint: 'R5101'
01-05 16:27:21 com_github_MitjaNemec_ReplicateLayout.replicate_layout 990:Src text UUid:4de9171f-8d32-4ef1-ae20-d3b94d224074
01-05 16:27:21 com_github_MitjaNemec_ReplicateLayout.replicate_layout 991:Dst text UUid:f6897970-4235-454d-a4cf-f4def2606816
01-05 16:27:21 com_github_MitjaNemec_ReplicateLayout.replicate_layout 990:Src text UUid:23fcb334-0ccc-4f7d-aa4b-beba986fd387
01-05 16:27:21 com_github_MitjaNemec_ReplicateLayout.replicate_layout 991:Dst text UUid:78158d01-5f4f-4e38-92cc-70e4cb1d32a7
01-05 16:27:21 com_github_MitjaNemec_ReplicateLayout.replicate_layout 990:Src text UUid:046ca2e3-51c6-4d11-9523-9a170897a872
01-05 16:27:21 com_github_MitjaNemec_ReplicateLayout.replicate_layout 991:Dst text UUid:212c137c-9dc7-4e5c-9d57-b08e7bcf5156
01-05 16:27:21 com_github_MitjaNemec_ReplicateLayout.replicate_layout 888:Replicating footprint: 'D5002'
01-05 16:27:21 com_github_MitjaNemec_ReplicateLayout.replicate_layout 835:Src fp.id: 'EB45DE54-18AC-49EA-9141-D46D8B0EC99F'
01-05 16:27:21 com_github_MitjaNemec_ReplicateLayout.replicate_layout 839:Dst fp.id: 'EB45DE54-18AC-49EA-9141-D46D8B0EC99F'
01-05 16:27:21 com_github_MitjaNemec_ReplicateLayout.replicate_layout 895:found match in dst footprint: 'D5102'
01-05 16:27:21 com_github_MitjaNemec_ReplicateLayout.replicate_layout 990:Src text UUid:04ca6b83-654a-4ca7-b0ff-51b3cc547912
01-05 16:27:21 com_github_MitjaNemec_ReplicateLayout.replicate_layout 991:Dst text UUid:b02a7244-b1b6-4e57-9fe5-f876111dccff
01-05 16:27:21 com_github_MitjaNemec_ReplicateLayout.replicate_layout 990:Src text UUid:32f662ea-3475-48f5-ab44-d447ace0b423
01-05 16:27:21 com_github_MitjaNemec_ReplicateLayout.replicate_layout 991:Dst text UUid:524ccd35-3faf-4461-8e75-7920bbe59106
01-05 16:27:21 com_github_MitjaNemec_ReplicateLayout.replicate_layout 990:Src text UUid:b81cbe6c-e29f-425b-8927-ad1ec31e02a2
01-05 16:27:21 com_github_MitjaNemec_ReplicateLayout.replicate_layout 991:Dst text UUid:f53bc993-2de7-4297-9520-d6de4fc451e2
01-05 16:27:21 com_github_MitjaNemec_ReplicateLayout.replicate_layout 888:Replicating footprint: 'R5002'
01-05 16:27:21 com_github_MitjaNemec_ReplicateLayout.replicate_layout 835:Src fp.id: 'F791DB1E-3C52-47F6-AB35-BEC3C8860BB4'
01-05 16:27:21 com_github_MitjaNemec_ReplicateLayout.replicate_layout 839:Dst fp.id: 'F791DB1E-3C52-47F6-AB35-BEC3C8860BB4'
01-05 16:27:21 com_github_MitjaNemec_ReplicateLayout.replicate_layout 895:found match in dst footprint: 'R5102'
01-05 16:27:21 com_github_MitjaNemec_ReplicateLayout.replicate_layout 990:Src text UUid:d38f0985-0a69-4a19-a647-8ad42f9d5e3d
01-05 16:27:21 com_github_MitjaNemec_ReplicateLayout.replicate_layout 991:Dst text UUid:9b27dba0-8e1b-425c-9977-32e880dad44b
01-05 16:27:21 com_github_MitjaNemec_ReplicateLayout.replicate_layout 990:Src text UUid:62eebea4-a060-43e5-8fc7-48d0540f4176
01-05 16:27:21 com_github_MitjaNemec_ReplicateLayout.replicate_layout 991:Dst text UUid:29f8aa52-5ef0-4cc7-b2cb-93cc7888c224
01-05 16:27:21 com_github_MitjaNemec_ReplicateLayout.replicate_layout 990:Src text UUid:9101f52f-b618-482f-ab15-c08ca28f537f
01-05 16:27:21 com_github_MitjaNemec_ReplicateLayout.replicate_layout 991:Dst text UUid:83bfad24-ecce-4ed0-b91f-2875280d5f7b
01-05 16:27:21 com_github_MitjaNemec_ReplicateLayout.replicate_layout 888:Replicating footprint: 'C5001'
01-05 16:27:21 com_github_MitjaNemec_ReplicateLayout.replicate_layout 835:Src fp.id: '9F64A1B3-D57E-43E1-BA1D-21C821188BE6'
01-05 16:27:21 com_github_MitjaNemec_ReplicateLayout.replicate_layout 839:Dst fp.id: '9F64A1B3-D57E-43E1-BA1D-21C821188BE6'
01-05 16:27:21 com_github_MitjaNemec_ReplicateLayout.replicate_layout 895:found match in dst footprint: 'C5101'
01-05 16:27:21 com_github_MitjaNemec_ReplicateLayout.replicate_layout 990:Src text UUid:02736a7d-793b-490a-9880-521f8c70155d
01-05 16:27:21 com_github_MitjaNemec_ReplicateLayout.replicate_layout 991:Dst text UUid:966773d7-b9f6-4f84-87f0-f2e8667af2c4
01-05 16:27:21 com_github_MitjaNemec_ReplicateLayout.replicate_layout 990:Src text UUid:6e8c2695-97a6-48e8-8096-97cf3937f342
01-05 16:27:21 com_github_MitjaNemec_ReplicateLayout.replicate_layout 991:Dst text UUid:5df5d13c-0861-486a-a789-2d92ac0924d0
01-05 16:27:21 com_github_MitjaNemec_ReplicateLayout.replicate_layout 990:Src text UUid:28cf14d7-1c36-4a51-8e29-841e55c8955b
01-05 16:27:21 com_github_MitjaNemec_ReplicateLayout.replicate_layout 991:Dst text UUid:e8428e15-9226-47c5-accb-21cab572afec
01-05 16:27:21 com_github_MitjaNemec_ReplicateLayout.replicate_layout 888:Replicating footprint: 'R5003'
01-05 16:27:21 com_github_MitjaNemec_ReplicateLayout.replicate_layout 835:Src fp.id: '6D232E61-826C-44E1-A6F4-00695EF5F949'
01-05 16:27:21 com_github_MitjaNemec_ReplicateLayout.replicate_layout 839:Dst fp.id: '6D232E61-826C-44E1-A6F4-00695EF5F949'
01-05 16:27:21 com_github_MitjaNemec_ReplicateLayout.replicate_layout 895:found match in dst footprint: 'R5103'
01-05 16:27:21 com_github_MitjaNemec_ReplicateLayout.replicate_layout 990:Src text UUid:5f68fa87-aec6-4b5b-a4e9-5f66fe4e06af
01-05 16:27:21 com_github_MitjaNemec_ReplicateLayout.replicate_layout 991:Dst text UUid:21033736-4773-41c7-8030-8071aebad154
01-05 16:27:21 com_github_MitjaNemec_ReplicateLayout.replicate_layout 990:Src text UUid:bdea07fe-078e-41ac-ba66-356a49fd5737
01-05 16:27:21 com_github_MitjaNemec_ReplicateLayout.replicate_layout 991:Dst text UUid:1ad116a2-2b96-4d1b-b1fa-674ebd79833a
01-05 16:27:21 com_github_MitjaNemec_ReplicateLayout.replicate_layout 990:Src text UUid:9c3ae7f9-57d6-41b6-8286-8f5f3c910538
01-05 16:27:21 com_github_MitjaNemec_ReplicateLayout.replicate_layout 991:Dst text UUid:c9c7967f-92df-4e80-bf9f-bb49f61d8143
01-05 16:27:21 com_github_MitjaNemec_ReplicateLayout.replicate_layout 870:Replicating footprints on sheet ['analogue_inputs', 'Analogue Input Stage2']
01-05 16:27:21 com_github_MitjaNemec_ReplicateLayout.replicate_layout 835:Src fp.id: '5E7373B1-D9FF-43E2-B56D-7CBFDD5FDC53'
01-05 16:27:21 com_github_MitjaNemec_ReplicateLayout.replicate_layout 839:Dst fp.id: '5E7373B1-D9FF-43E2-B56D-7CBFDD5FDC53'
01-05 16:27:21 com_github_MitjaNemec_ReplicateLayout.replicate_layout 888:Replicating footprint: 'D5001'
01-05 16:27:21 com_github_MitjaNemec_ReplicateLayout.replicate_layout 835:Src fp.id: '5E7373B1-D9FF-43E2-B56D-7CBFDD5FDC53'
01-05 16:27:21 com_github_MitjaNemec_ReplicateLayout.replicate_layout 839:Dst fp.id: '5E7373B1-D9FF-43E2-B56D-7CBFDD5FDC53'
01-05 16:27:21 com_github_MitjaNemec_ReplicateLayout.replicate_layout 895:found match in dst footprint: 'D5201'
01-05 16:27:21 com_github_MitjaNemec_ReplicateLayout.replicate_layout 990:Src text UUid:a6851ac2-15d5-4051-b895-8cf813032b54
01-05 16:27:21 com_github_MitjaNemec_ReplicateLayout.replicate_layout 991:Dst text UUid:8c97c207-9da8-4777-818a-cdb5ce452156
01-05 16:27:21 com_github_MitjaNemec_ReplicateLayout.replicate_layout 990:Src text UUid:9d8fccdc-6c45-46e9-80e5-83f054b5e178
01-05 16:27:21 com_github_MitjaNemec_ReplicateLayout.replicate_layout 991:Dst text UUid:d5a656bf-54a2-427e-aa36-94ddc8acd2c8
01-05 16:27:21 com_github_MitjaNemec_ReplicateLayout.replicate_layout 990:Src text UUid:20a54244-3dcf-452e-8a5e-d739a3f58dbf
01-05 16:27:21 com_github_MitjaNemec_ReplicateLayout.replicate_layout 991:Dst text UUid:b7862715-709d-4b37-88ad-e62580e060e7
01-05 16:27:21 com_github_MitjaNemec_ReplicateLayout.replicate_layout 888:Replicating footprint: 'R5001'
01-05 16:27:21 com_github_MitjaNemec_ReplicateLayout.replicate_layout 835:Src fp.id: '19B7C1AE-1AD0-410D-82F5-10917D718F32'
01-05 16:27:21 com_github_MitjaNemec_ReplicateLayout.replicate_layout 839:Dst fp.id: '19B7C1AE-1AD0-410D-82F5-10917D718F32'
01-05 16:27:21 com_github_MitjaNemec_ReplicateLayout.replicate_layout 895:found match in dst footprint: 'R5201'
01-05 16:27:21 com_github_MitjaNemec_ReplicateLayout.replicate_layout 990:Src text UUid:4de9171f-8d32-4ef1-ae20-d3b94d224074
01-05 16:27:21 com_github_MitjaNemec_ReplicateLayout.replicate_layout 991:Dst text UUid:cd6f6e42-8461-4230-9665-96839814a4dc
01-05 16:27:21 com_github_MitjaNemec_ReplicateLayout.replicate_layout 990:Src text UUid:23fcb334-0ccc-4f7d-aa4b-beba986fd387
01-05 16:27:21 com_github_MitjaNemec_ReplicateLayout.replicate_layout 991:Dst text UUid:d72df7b1-3ab2-46b8-8a81-c598f9e9a13e
01-05 16:27:21 com_github_MitjaNemec_ReplicateLayout.replicate_layout 990:Src text UUid:046ca2e3-51c6-4d11-9523-9a170897a872
01-05 16:27:21 com_github_MitjaNemec_ReplicateLayout.replicate_layout 991:Dst text UUid:592ef6b4-cc25-4c03-9fb0-281d959d469e
01-05 16:27:21 com_github_MitjaNemec_ReplicateLayout.replicate_layout 888:Replicating footprint: 'D5002'
01-05 16:27:21 com_github_MitjaNemec_ReplicateLayout.replicate_layout 835:Src fp.id: 'EB45DE54-18AC-49EA-9141-D46D8B0EC99F'
01-05 16:27:21 com_github_MitjaNemec_ReplicateLayout.replicate_layout 839:Dst fp.id: 'EB45DE54-18AC-49EA-9141-D46D8B0EC99F'
01-05 16:27:21 com_github_MitjaNemec_ReplicateLayout.replicate_layout 895:found match in dst footprint: 'D5202'
01-05 16:27:21 com_github_MitjaNemec_ReplicateLayout.replicate_layout 990:Src text UUid:04ca6b83-654a-4ca7-b0ff-51b3cc547912
01-05 16:27:21 com_github_MitjaNemec_ReplicateLayout.replicate_layout 991:Dst text UUid:73529a6a-4a09-405d-9c4a-561721d0f6d4
01-05 16:27:21 com_github_MitjaNemec_ReplicateLayout.replicate_layout 990:Src text UUid:32f662ea-3475-48f5-ab44-d447ace0b423
01-05 16:27:21 com_github_MitjaNemec_ReplicateLayout.replicate_layout 991:Dst text UUid:8b00fa85-599d-40e0-8230-977c18bfcad3
01-05 16:27:21 com_github_MitjaNemec_ReplicateLayout.replicate_layout 990:Src text UUid:b81cbe6c-e29f-425b-8927-ad1ec31e02a2
01-05 16:27:21 com_github_MitjaNemec_ReplicateLayout.replicate_layout 991:Dst text UUid:a2232b4d-f4eb-49e9-bd37-5dcc0b70f678
01-05 16:27:21 com_github_MitjaNemec_ReplicateLayout.replicate_layout 888:Replicating footprint: 'R5002'
01-05 16:27:21 com_github_MitjaNemec_ReplicateLayout.replicate_layout 835:Src fp.id: 'F791DB1E-3C52-47F6-AB35-BEC3C8860BB4'
01-05 16:27:21 com_github_MitjaNemec_ReplicateLayout.replicate_layout 839:Dst fp.id: 'F791DB1E-3C52-47F6-AB35-BEC3C8860BB4'
01-05 16:27:21 com_github_MitjaNemec_ReplicateLayout.replicate_layout 895:found match in dst footprint: 'R5202'
01-05 16:27:21 com_github_MitjaNemec_ReplicateLayout.replicate_layout 990:Src text UUid:d38f0985-0a69-4a19-a647-8ad42f9d5e3d
01-05 16:27:21 com_github_MitjaNemec_ReplicateLayout.replicate_layout 991:Dst text UUid:83025417-5a66-4879-90c3-6305611ecfa9
01-05 16:27:21 com_github_MitjaNemec_ReplicateLayout.replicate_layout 990:Src text UUid:62eebea4-a060-43e5-8fc7-48d0540f4176
01-05 16:27:21 com_github_MitjaNemec_ReplicateLayout.replicate_layout 991:Dst text UUid:2b7ac47b-217e-42d8-827a-871681ea233f
01-05 16:27:21 com_github_MitjaNemec_ReplicateLayout.replicate_layout 990:Src text UUid:9101f52f-b618-482f-ab15-c08ca28f537f
01-05 16:27:21 com_github_MitjaNemec_ReplicateLayout.replicate_layout 991:Dst text UUid:1e83d2ad-b3ef-45fa-959f-a76395d60d8b
01-05 16:27:21 com_github_MitjaNemec_ReplicateLayout.replicate_layout 888:Replicating footprint: 'C5001'
01-05 16:27:21 com_github_MitjaNemec_ReplicateLayout.replicate_layout 835:Src fp.id: '9F64A1B3-D57E-43E1-BA1D-21C821188BE6'
01-05 16:27:21 com_github_MitjaNemec_ReplicateLayout.replicate_layout 839:Dst fp.id: '9F64A1B3-D57E-43E1-BA1D-21C821188BE6'
01-05 16:27:21 com_github_MitjaNemec_ReplicateLayout.replicate_layout 895:found match in dst footprint: 'C5201'
01-05 16:27:21 com_github_MitjaNemec_ReplicateLayout.replicate_layout 990:Src text UUid:02736a7d-793b-490a-9880-521f8c70155d
01-05 16:27:21 com_github_MitjaNemec_ReplicateLayout.replicate_layout 991:Dst text UUid:b35a89a2-194c-4ecd-9263-2f77185bd882
01-05 16:27:21 com_github_MitjaNemec_ReplicateLayout.replicate_layout 990:Src text UUid:6e8c2695-97a6-48e8-8096-97cf3937f342
01-05 16:27:21 com_github_MitjaNemec_ReplicateLayout.replicate_layout 991:Dst text UUid:0317e6bb-92e1-48c8-aa8e-fd94d9f21c7b
01-05 16:27:21 com_github_MitjaNemec_ReplicateLayout.replicate_layout 990:Src text UUid:28cf14d7-1c36-4a51-8e29-841e55c8955b
01-05 16:27:21 com_github_MitjaNemec_ReplicateLayout.replicate_layout 991:Dst text UUid:a6091cae-6d74-438c-8ece-5b8d0ff1cf1f
01-05 16:27:21 com_github_MitjaNemec_ReplicateLayout.replicate_layout 888:Replicating footprint: 'R5003'
01-05 16:27:21 root 345:updating GUI with: 25
01-05 16:27:21 com_github_MitjaNemec_ReplicateLayout.replicate_layout 835:Src fp.id: '6D232E61-826C-44E1-A6F4-00695EF5F949'
01-05 16:27:21 com_github_MitjaNemec_ReplicateLayout.replicate_layout 839:Dst fp.id: '6D232E61-826C-44E1-A6F4-00695EF5F949'
01-05 16:27:21 com_github_MitjaNemec_ReplicateLayout.replicate_layout 895:found match in dst footprint: 'R5203'
01-05 16:27:21 com_github_MitjaNemec_ReplicateLayout.replicate_layout 990:Src text UUid:5f68fa87-aec6-4b5b-a4e9-5f66fe4e06af
01-05 16:27:21 com_github_MitjaNemec_ReplicateLayout.replicate_layout 991:Dst text UUid:19a10d9e-76fb-49f4-a69a-86ac44022e3c
01-05 16:27:21 com_github_MitjaNemec_ReplicateLayout.replicate_layout 990:Src text UUid:bdea07fe-078e-41ac-ba66-356a49fd5737
01-05 16:27:21 com_github_MitjaNemec_ReplicateLayout.replicate_layout 991:Dst text UUid:2c1d532b-2ac7-47ef-9989-e4a4f33810b5
01-05 16:27:21 com_github_MitjaNemec_ReplicateLayout.replicate_layout 990:Src text UUid:9c3ae7f9-57d6-41b6-8286-8f5f3c910538
01-05 16:27:21 com_github_MitjaNemec_ReplicateLayout.replicate_layout 991:Dst text UUid:ceeae7d2-6db7-4011-b6fc-cca3a8fdb73a
01-05 16:27:21 root 345:updating GUI with: 25
01-05 16:27:21 com_github_MitjaNemec_ReplicateLayout.replicate_layout 870:Replicating footprints on sheet ['analogue_inputs', 'Analogue Input Stage3']
01-05 16:27:21 com_github_MitjaNemec_ReplicateLayout.replicate_layout 835:Src fp.id: '5E7373B1-D9FF-43E2-B56D-7CBFDD5FDC53'
01-05 16:27:21 com_github_MitjaNemec_ReplicateLayout.replicate_layout 839:Dst fp.id: '5E7373B1-D9FF-43E2-B56D-7CBFDD5FDC53'
01-05 16:27:21 com_github_MitjaNemec_ReplicateLayout.replicate_layout 888:Replicating footprint: 'D5001'
01-05 16:27:21 com_github_MitjaNemec_ReplicateLayout.replicate_layout 835:Src fp.id: '5E7373B1-D9FF-43E2-B56D-7CBFDD5FDC53'
01-05 16:27:21 com_github_MitjaNemec_ReplicateLayout.replicate_layout 839:Dst fp.id: '5E7373B1-D9FF-43E2-B56D-7CBFDD5FDC53'
01-05 16:27:21 com_github_MitjaNemec_ReplicateLayout.replicate_layout 895:found match in dst footprint: 'D5301'
01-05 16:27:21 com_github_MitjaNemec_ReplicateLayout.replicate_layout 990:Src text UUid:a6851ac2-15d5-4051-b895-8cf813032b54
01-05 16:27:21 com_github_MitjaNemec_ReplicateLayout.replicate_layout 991:Dst text UUid:ae906e04-c26d-4b21-a372-af5fbc0e105f
01-05 16:27:21 com_github_MitjaNemec_ReplicateLayout.replicate_layout 990:Src text UUid:9d8fccdc-6c45-46e9-80e5-83f054b5e178
01-05 16:27:21 com_github_MitjaNemec_ReplicateLayout.replicate_layout 991:Dst text UUid:6778cfb7-b08b-40c4-b137-9b3664246c00
01-05 16:27:21 com_github_MitjaNemec_ReplicateLayout.replicate_layout 990:Src text UUid:20a54244-3dcf-452e-8a5e-d739a3f58dbf
01-05 16:27:21 com_github_MitjaNemec_ReplicateLayout.replicate_layout 991:Dst text UUid:f66fc1a1-3b85-4ecf-8b55-6e99cdc7b565
01-05 16:27:21 com_github_MitjaNemec_ReplicateLayout.replicate_layout 888:Replicating footprint: 'R5001'
01-05 16:27:21 com_github_MitjaNemec_ReplicateLayout.replicate_layout 835:Src fp.id: '19B7C1AE-1AD0-410D-82F5-10917D718F32'
01-05 16:27:21 com_github_MitjaNemec_ReplicateLayout.replicate_layout 839:Dst fp.id: '19B7C1AE-1AD0-410D-82F5-10917D718F32'
01-05 16:27:21 com_github_MitjaNemec_ReplicateLayout.replicate_layout 895:found match in dst footprint: 'R5301'
01-05 16:27:21 com_github_MitjaNemec_ReplicateLayout.replicate_layout 990:Src text UUid:4de9171f-8d32-4ef1-ae20-d3b94d224074
01-05 16:27:21 com_github_MitjaNemec_ReplicateLayout.replicate_layout 991:Dst text UUid:6a66ba7b-9262-4587-a5ff-5f8f8a530637
01-05 16:27:21 com_github_MitjaNemec_ReplicateLayout.replicate_layout 990:Src text UUid:23fcb334-0ccc-4f7d-aa4b-beba986fd387
01-05 16:27:21 com_github_MitjaNemec_ReplicateLayout.replicate_layout 991:Dst text UUid:78bed62c-0dfe-4c7a-867f-c858c9c710be
01-05 16:27:21 com_github_MitjaNemec_ReplicateLayout.replicate_layout 990:Src text UUid:046ca2e3-51c6-4d11-9523-9a170897a872
01-05 16:27:21 com_github_MitjaNemec_ReplicateLayout.replicate_layout 991:Dst text UUid:fa661e73-102c-4745-ad6f-1aadbc3bc7c4
01-05 16:27:21 com_github_MitjaNemec_ReplicateLayout.replicate_layout 888:Replicating footprint: 'D5002'
01-05 16:27:21 com_github_MitjaNemec_ReplicateLayout.replicate_layout 835:Src fp.id: 'EB45DE54-18AC-49EA-9141-D46D8B0EC99F'
01-05 16:27:21 com_github_MitjaNemec_ReplicateLayout.replicate_layout 839:Dst fp.id: 'EB45DE54-18AC-49EA-9141-D46D8B0EC99F'
01-05 16:27:21 com_github_MitjaNemec_ReplicateLayout.replicate_layout 895:found match in dst footprint: 'D5302'
01-05 16:27:21 com_github_MitjaNemec_ReplicateLayout.replicate_layout 990:Src text UUid:04ca6b83-654a-4ca7-b0ff-51b3cc547912
01-05 16:27:21 com_github_MitjaNemec_ReplicateLayout.replicate_layout 991:Dst text UUid:53ae2f8f-0bb8-4862-b9fd-1ab73cb47db3
01-05 16:27:21 com_github_MitjaNemec_ReplicateLayout.replicate_layout 990:Src text UUid:32f662ea-3475-48f5-ab44-d447ace0b423
01-05 16:27:21 com_github_MitjaNemec_ReplicateLayout.replicate_layout 991:Dst text UUid:ec900547-5aac-48db-90ca-d5558ef76ed1
01-05 16:27:21 com_github_MitjaNemec_ReplicateLayout.replicate_layout 990:Src text UUid:b81cbe6c-e29f-425b-8927-ad1ec31e02a2
01-05 16:27:21 com_github_MitjaNemec_ReplicateLayout.replicate_layout 991:Dst text UUid:1c89805e-1d1d-4715-82ff-189af809864f
01-05 16:27:21 com_github_MitjaNemec_ReplicateLayout.replicate_layout 888:Replicating footprint: 'R5002'
01-05 16:27:21 com_github_MitjaNemec_ReplicateLayout.replicate_layout 835:Src fp.id: 'F791DB1E-3C52-47F6-AB35-BEC3C8860BB4'
01-05 16:27:21 com_github_MitjaNemec_ReplicateLayout.replicate_layout 839:Dst fp.id: 'F791DB1E-3C52-47F6-AB35-BEC3C8860BB4'
01-05 16:27:21 com_github_MitjaNemec_ReplicateLayout.replicate_layout 895:found match in dst footprint: 'R5302'
01-05 16:27:21 com_github_MitjaNemec_ReplicateLayout.replicate_layout 990:Src text UUid:d38f0985-0a69-4a19-a647-8ad42f9d5e3d
01-05 16:27:21 com_github_MitjaNemec_ReplicateLayout.replicate_layout 991:Dst text UUid:11b0d546-5348-4adc-8251-95a46d7c7867
01-05 16:27:21 com_github_MitjaNemec_ReplicateLayout.replicate_layout 990:Src text UUid:62eebea4-a060-43e5-8fc7-48d0540f4176
01-05 16:27:21 com_github_MitjaNemec_ReplicateLayout.replicate_layout 991:Dst text UUid:4f29d496-8637-4697-8ff2-10941c8e56b9
01-05 16:27:21 com_github_MitjaNemec_ReplicateLayout.replicate_layout 990:Src text UUid:9101f52f-b618-482f-ab15-c08ca28f537f
01-05 16:27:21 com_github_MitjaNemec_ReplicateLayout.replicate_layout 991:Dst text UUid:91e81ce4-3b51-48c7-ba31-1eba8a004a42
01-05 16:27:21 com_github_MitjaNemec_ReplicateLayout.replicate_layout 888:Replicating footprint: 'C5001'
01-05 16:27:21 com_github_MitjaNemec_ReplicateLayout.replicate_layout 835:Src fp.id: '9F64A1B3-D57E-43E1-BA1D-21C821188BE6'
01-05 16:27:21 com_github_MitjaNemec_ReplicateLayout.replicate_layout 839:Dst fp.id: '9F64A1B3-D57E-43E1-BA1D-21C821188BE6'
01-05 16:27:21 com_github_MitjaNemec_ReplicateLayout.replicate_layout 895:found match in dst footprint: 'C5301'
01-05 16:27:21 com_github_MitjaNemec_ReplicateLayout.replicate_layout 990:Src text UUid:02736a7d-793b-490a-9880-521f8c70155d
01-05 16:27:21 com_github_MitjaNemec_ReplicateLayout.replicate_layout 991:Dst text UUid:3c6b8305-70c0-4830-aa30-8f4f46ef78f4
01-05 16:27:21 com_github_MitjaNemec_ReplicateLayout.replicate_layout 990:Src text UUid:6e8c2695-97a6-48e8-8096-97cf3937f342
01-05 16:27:21 com_github_MitjaNemec_ReplicateLayout.replicate_layout 991:Dst text UUid:f8d15a69-ae7c-4143-b711-a006834ed861
01-05 16:27:21 com_github_MitjaNemec_ReplicateLayout.replicate_layout 990:Src text UUid:28cf14d7-1c36-4a51-8e29-841e55c8955b
01-05 16:27:21 com_github_MitjaNemec_ReplicateLayout.replicate_layout 991:Dst text UUid:8ad7a264-1919-4312-8043-3049cc4a6412
01-05 16:27:21 com_github_MitjaNemec_ReplicateLayout.replicate_layout 888:Replicating footprint: 'R5003'
01-05 16:27:21 com_github_MitjaNemec_ReplicateLayout.replicate_layout 835:Src fp.id: '6D232E61-826C-44E1-A6F4-00695EF5F949'
01-05 16:27:21 com_github_MitjaNemec_ReplicateLayout.replicate_layout 839:Dst fp.id: '6D232E61-826C-44E1-A6F4-00695EF5F949'
01-05 16:27:21 com_github_MitjaNemec_ReplicateLayout.replicate_layout 895:found match in dst footprint: 'R5303'
01-05 16:27:21 com_github_MitjaNemec_ReplicateLayout.replicate_layout 990:Src text UUid:5f68fa87-aec6-4b5b-a4e9-5f66fe4e06af
01-05 16:27:21 com_github_MitjaNemec_ReplicateLayout.replicate_layout 991:Dst text UUid:4e0ba2fc-5cbc-42c7-9118-4b6072855458
01-05 16:27:21 com_github_MitjaNemec_ReplicateLayout.replicate_layout 990:Src text UUid:bdea07fe-078e-41ac-ba66-356a49fd5737
01-05 16:27:21 com_github_MitjaNemec_ReplicateLayout.replicate_layout 991:Dst text UUid:82489ed5-3a30-4180-bded-90608472bb39
01-05 16:27:21 com_github_MitjaNemec_ReplicateLayout.replicate_layout 990:Src text UUid:9c3ae7f9-57d6-41b6-8286-8f5f3c910538
01-05 16:27:21 com_github_MitjaNemec_ReplicateLayout.replicate_layout 991:Dst text UUid:cd6ffa12-214b-473b-8e84-c1bdb2d96c78
01-05 16:27:21 com_github_MitjaNemec_ReplicateLayout.replicate_layout 870:Replicating footprints on sheet ['analogue_inputs', 'Analogue Input Stage4']
01-05 16:27:21 com_github_MitjaNemec_ReplicateLayout.replicate_layout 835:Src fp.id: '5E7373B1-D9FF-43E2-B56D-7CBFDD5FDC53'
01-05 16:27:21 com_github_MitjaNemec_ReplicateLayout.replicate_layout 839:Dst fp.id: '5E7373B1-D9FF-43E2-B56D-7CBFDD5FDC53'
01-05 16:27:21 com_github_MitjaNemec_ReplicateLayout.replicate_layout 888:Replicating footprint: 'D5001'
01-05 16:27:21 com_github_MitjaNemec_ReplicateLayout.replicate_layout 835:Src fp.id: '5E7373B1-D9FF-43E2-B56D-7CBFDD5FDC53'
01-05 16:27:21 com_github_MitjaNemec_ReplicateLayout.replicate_layout 839:Dst fp.id: '5E7373B1-D9FF-43E2-B56D-7CBFDD5FDC53'
01-05 16:27:21 com_github_MitjaNemec_ReplicateLayout.replicate_layout 895:found match in dst footprint: 'D5401'
01-05 16:27:21 com_github_MitjaNemec_ReplicateLayout.replicate_layout 990:Src text UUid:a6851ac2-15d5-4051-b895-8cf813032b54
01-05 16:27:21 com_github_MitjaNemec_ReplicateLayout.replicate_layout 991:Dst text UUid:f55edee6-4926-40b2-8e9c-efb386fe404e
01-05 16:27:21 com_github_MitjaNemec_ReplicateLayout.replicate_layout 990:Src text UUid:9d8fccdc-6c45-46e9-80e5-83f054b5e178
01-05 16:27:21 com_github_MitjaNemec_ReplicateLayout.replicate_layout 991:Dst text UUid:7d4294ac-9ec9-4355-a7fd-abb07b768fc7
01-05 16:27:21 com_github_MitjaNemec_ReplicateLayout.replicate_layout 990:Src text UUid:20a54244-3dcf-452e-8a5e-d739a3f58dbf
01-05 16:27:21 com_github_MitjaNemec_ReplicateLayout.replicate_layout 991:Dst text UUid:d69b1cc4-45e3-4089-9540-cacbea83eac4
01-05 16:27:21 com_github_MitjaNemec_ReplicateLayout.replicate_layout 888:Replicating footprint: 'R5001'
01-05 16:27:21 com_github_MitjaNemec_ReplicateLayout.replicate_layout 835:Src fp.id: '19B7C1AE-1AD0-410D-82F5-10917D718F32'
01-05 16:27:21 com_github_MitjaNemec_ReplicateLayout.replicate_layout 839:Dst fp.id: '19B7C1AE-1AD0-410D-82F5-10917D718F32'
01-05 16:27:21 com_github_MitjaNemec_ReplicateLayout.replicate_layout 895:found match in dst footprint: 'R5401'
01-05 16:27:21 com_github_MitjaNemec_ReplicateLayout.replicate_layout 990:Src text UUid:4de9171f-8d32-4ef1-ae20-d3b94d224074
01-05 16:27:21 com_github_MitjaNemec_ReplicateLayout.replicate_layout 991:Dst text UUid:f3efd1cd-1d0d-46c4-8a13-63d089acc1dd
01-05 16:27:21 com_github_MitjaNemec_ReplicateLayout.replicate_layout 990:Src text UUid:23fcb334-0ccc-4f7d-aa4b-beba986fd387
01-05 16:27:21 com_github_MitjaNemec_ReplicateLayout.replicate_layout 991:Dst text UUid:2a858171-1004-49fb-a9f2-d71177e3aede
01-05 16:27:21 com_github_MitjaNemec_ReplicateLayout.replicate_layout 990:Src text UUid:046ca2e3-51c6-4d11-9523-9a170897a872
01-05 16:27:21 com_github_MitjaNemec_ReplicateLayout.replicate_layout 991:Dst text UUid:779f3be8-cb52-4eed-9134-651c602dd094
01-05 16:27:21 com_github_MitjaNemec_ReplicateLayout.replicate_layout 888:Replicating footprint: 'D5002'
01-05 16:27:21 com_github_MitjaNemec_ReplicateLayout.replicate_layout 835:Src fp.id: 'EB45DE54-18AC-49EA-9141-D46D8B0EC99F'
01-05 16:27:21 com_github_MitjaNemec_ReplicateLayout.replicate_layout 839:Dst fp.id: 'EB45DE54-18AC-49EA-9141-D46D8B0EC99F'
01-05 16:27:21 com_github_MitjaNemec_ReplicateLayout.replicate_layout 895:found match in dst footprint: 'D5402'
01-05 16:27:21 com_github_MitjaNemec_ReplicateLayout.replicate_layout 990:Src text UUid:04ca6b83-654a-4ca7-b0ff-51b3cc547912
01-05 16:27:21 com_github_MitjaNemec_ReplicateLayout.replicate_layout 991:Dst text UUid:1d01508b-7c6c-490a-9b40-74dd9d0d97e4
01-05 16:27:21 com_github_MitjaNemec_ReplicateLayout.replicate_layout 990:Src text UUid:32f662ea-3475-48f5-ab44-d447ace0b423
01-05 16:27:21 com_github_MitjaNemec_ReplicateLayout.replicate_layout 991:Dst text UUid:9d942b18-1fd9-45eb-901b-b331fd7582dc
01-05 16:27:21 com_github_MitjaNemec_ReplicateLayout.replicate_layout 990:Src text UUid:b81cbe6c-e29f-425b-8927-ad1ec31e02a2
01-05 16:27:21 com_github_MitjaNemec_ReplicateLayout.replicate_layout 991:Dst text UUid:66e69132-0940-4e58-a25b-519356e054de
01-05 16:27:21 com_github_MitjaNemec_ReplicateLayout.replicate_layout 888:Replicating footprint: 'R5002'
01-05 16:27:21 com_github_MitjaNemec_ReplicateLayout.replicate_layout 835:Src fp.id: 'F791DB1E-3C52-47F6-AB35-BEC3C8860BB4'
01-05 16:27:21 com_github_MitjaNemec_ReplicateLayout.replicate_layout 839:Dst fp.id: 'F791DB1E-3C52-47F6-AB35-BEC3C8860BB4'
01-05 16:27:21 com_github_MitjaNemec_ReplicateLayout.replicate_layout 895:found match in dst footprint: 'R5402'
01-05 16:27:21 com_github_MitjaNemec_ReplicateLayout.replicate_layout 990:Src text UUid:d38f0985-0a69-4a19-a647-8ad42f9d5e3d
01-05 16:27:21 com_github_MitjaNemec_ReplicateLayout.replicate_layout 991:Dst text UUid:20701609-325f-464a-a1d9-b795f36c3ce5
01-05 16:27:21 com_github_MitjaNemec_ReplicateLayout.replicate_layout 990:Src text UUid:62eebea4-a060-43e5-8fc7-48d0540f4176
01-05 16:27:21 com_github_MitjaNemec_ReplicateLayout.replicate_layout 991:Dst text UUid:2645104d-a15c-4739-823b-f8cd37d81f48
01-05 16:27:21 com_github_MitjaNemec_ReplicateLayout.replicate_layout 990:Src text UUid:9101f52f-b618-482f-ab15-c08ca28f537f
01-05 16:27:21 com_github_MitjaNemec_ReplicateLayout.replicate_layout 991:Dst text UUid:aaa5d50c-72c0-48fc-b9c8-a801074519b3
01-05 16:27:21 com_github_MitjaNemec_ReplicateLayout.replicate_layout 888:Replicating footprint: 'C5001'
01-05 16:27:21 com_github_MitjaNemec_ReplicateLayout.replicate_layout 835:Src fp.id: '9F64A1B3-D57E-43E1-BA1D-21C821188BE6'
01-05 16:27:21 com_github_MitjaNemec_ReplicateLayout.replicate_layout 839:Dst fp.id: '9F64A1B3-D57E-43E1-BA1D-21C821188BE6'
01-05 16:27:21 com_github_MitjaNemec_ReplicateLayout.replicate_layout 895:found match in dst footprint: 'C5401'
01-05 16:27:21 com_github_MitjaNemec_ReplicateLayout.replicate_layout 990:Src text UUid:02736a7d-793b-490a-9880-521f8c70155d
01-05 16:27:21 com_github_MitjaNemec_ReplicateLayout.replicate_layout 991:Dst text UUid:3b78f2eb-48b7-49b4-9fbf-442e747a0ddb
01-05 16:27:21 com_github_MitjaNemec_ReplicateLayout.replicate_layout 990:Src text UUid:6e8c2695-97a6-48e8-8096-97cf3937f342
01-05 16:27:21 com_github_MitjaNemec_ReplicateLayout.replicate_layout 991:Dst text UUid:d40defd5-d599-4e5b-9b42-531849dd1945
01-05 16:27:21 com_github_MitjaNemec_ReplicateLayout.replicate_layout 990:Src text UUid:28cf14d7-1c36-4a51-8e29-841e55c8955b
01-05 16:27:21 com_github_MitjaNemec_ReplicateLayout.replicate_layout 991:Dst text UUid:64998d07-87c7-4bd9-ab8a-2be7430ad3b0
01-05 16:27:21 com_github_MitjaNemec_ReplicateLayout.replicate_layout 888:Replicating footprint: 'R5003'
01-05 16:27:21 root 345:updating GUI with: 49
01-05 16:27:21 com_github_MitjaNemec_ReplicateLayout.replicate_layout 835:Src fp.id: '6D232E61-826C-44E1-A6F4-00695EF5F949'
01-05 16:27:21 com_github_MitjaNemec_ReplicateLayout.replicate_layout 839:Dst fp.id: '6D232E61-826C-44E1-A6F4-00695EF5F949'
01-05 16:27:21 com_github_MitjaNemec_ReplicateLayout.replicate_layout 895:found match in dst footprint: 'R5403'
01-05 16:27:21 com_github_MitjaNemec_ReplicateLayout.replicate_layout 990:Src text UUid:5f68fa87-aec6-4b5b-a4e9-5f66fe4e06af
01-05 16:27:21 com_github_MitjaNemec_ReplicateLayout.replicate_layout 991:Dst text UUid:51dac0fc-05b4-40a9-b77f-dd46316f33aa
01-05 16:27:21 com_github_MitjaNemec_ReplicateLayout.replicate_layout 990:Src text UUid:bdea07fe-078e-41ac-ba66-356a49fd5737
01-05 16:27:21 com_github_MitjaNemec_ReplicateLayout.replicate_layout 991:Dst text UUid:f6d8cbb5-88a2-478d-8623-b3bc46cf2648
01-05 16:27:21 com_github_MitjaNemec_ReplicateLayout.replicate_layout 990:Src text UUid:9c3ae7f9-57d6-41b6-8286-8f5f3c910538
01-05 16:27:21 com_github_MitjaNemec_ReplicateLayout.replicate_layout 991:Dst text UUid:fd7dab02-ff09-427f-84d0-0e54b800673a
01-05 16:27:21 root 345:updating GUI with: 50
01-05 16:27:21 com_github_MitjaNemec_ReplicateLayout.replicate_layout 870:Replicating footprints on sheet ['analogue_inputs', 'Analogue Input Stage5']
01-05 16:27:21 com_github_MitjaNemec_ReplicateLayout.replicate_layout 835:Src fp.id: '5E7373B1-D9FF-43E2-B56D-7CBFDD5FDC53'
01-05 16:27:21 com_github_MitjaNemec_ReplicateLayout.replicate_layout 839:Dst fp.id: '5E7373B1-D9FF-43E2-B56D-7CBFDD5FDC53'
01-05 16:27:21 com_github_MitjaNemec_ReplicateLayout.replicate_layout 888:Replicating footprint: 'D5001'
01-05 16:27:21 com_github_MitjaNemec_ReplicateLayout.replicate_layout 835:Src fp.id: '5E7373B1-D9FF-43E2-B56D-7CBFDD5FDC53'
01-05 16:27:21 com_github_MitjaNemec_ReplicateLayout.replicate_layout 839:Dst fp.id: '5E7373B1-D9FF-43E2-B56D-7CBFDD5FDC53'
01-05 16:27:21 com_github_MitjaNemec_ReplicateLayout.replicate_layout 895:found match in dst footprint: 'D5501'
01-05 16:27:21 com_github_MitjaNemec_ReplicateLayout.replicate_layout 990:Src text UUid:a6851ac2-15d5-4051-b895-8cf813032b54
01-05 16:27:21 com_github_MitjaNemec_ReplicateLayout.replicate_layout 991:Dst text UUid:f69cf33f-78b8-4d83-8b46-048e76b873fa
01-05 16:27:21 com_github_MitjaNemec_ReplicateLayout.replicate_layout 990:Src text UUid:9d8fccdc-6c45-46e9-80e5-83f054b5e178
01-05 16:27:21 com_github_MitjaNemec_ReplicateLayout.replicate_layout 991:Dst text UUid:c891ac68-8d7d-46a9-a56e-2923d314827e
01-05 16:27:21 com_github_MitjaNemec_ReplicateLayout.replicate_layout 990:Src text UUid:20a54244-3dcf-452e-8a5e-d739a3f58dbf
01-05 16:27:21 com_github_MitjaNemec_ReplicateLayout.replicate_layout 991:Dst text UUid:1f3274f3-90ee-474e-9278-c8fd5234f4d3
01-05 16:27:21 com_github_MitjaNemec_ReplicateLayout.replicate_layout 888:Replicating footprint: 'R5001'
01-05 16:27:21 com_github_MitjaNemec_ReplicateLayout.replicate_layout 835:Src fp.id: '19B7C1AE-1AD0-410D-82F5-10917D718F32'
01-05 16:27:21 com_github_MitjaNemec_ReplicateLayout.replicate_layout 839:Dst fp.id: '19B7C1AE-1AD0-410D-82F5-10917D718F32'
01-05 16:27:21 com_github_MitjaNemec_ReplicateLayout.replicate_layout 895:found match in dst footprint: 'R5501'
01-05 16:27:21 com_github_MitjaNemec_ReplicateLayout.replicate_layout 990:Src text UUid:4de9171f-8d32-4ef1-ae20-d3b94d224074
01-05 16:27:21 com_github_MitjaNemec_ReplicateLayout.replicate_layout 991:Dst text UUid:79b03a5d-df4d-46d4-94b0-5885962a1680
01-05 16:27:21 com_github_MitjaNemec_ReplicateLayout.replicate_layout 990:Src text UUid:23fcb334-0ccc-4f7d-aa4b-beba986fd387
01-05 16:27:21 com_github_MitjaNemec_ReplicateLayout.replicate_layout 991:Dst text UUid:84c50778-e0fb-4f8a-8aa4-660e2f67d8c2
01-05 16:27:21 com_github_MitjaNemec_ReplicateLayout.replicate_layout 990:Src text UUid:046ca2e3-51c6-4d11-9523-9a170897a872
01-05 16:27:21 com_github_MitjaNemec_ReplicateLayout.replicate_layout 991:Dst text UUid:63c48f69-afc5-40cc-8d16-17987f00ae17
01-05 16:27:21 com_github_MitjaNemec_ReplicateLayout.replicate_layout 888:Replicating footprint: 'D5002'
01-05 16:27:21 com_github_MitjaNemec_ReplicateLayout.replicate_layout 835:Src fp.id: 'EB45DE54-18AC-49EA-9141-D46D8B0EC99F'
01-05 16:27:21 com_github_MitjaNemec_ReplicateLayout.replicate_layout 839:Dst fp.id: 'EB45DE54-18AC-49EA-9141-D46D8B0EC99F'
01-05 16:27:21 com_github_MitjaNemec_ReplicateLayout.replicate_layout 895:found match in dst footprint: 'D5502'
01-05 16:27:21 com_github_MitjaNemec_ReplicateLayout.replicate_layout 990:Src text UUid:04ca6b83-654a-4ca7-b0ff-51b3cc547912
01-05 16:27:21 com_github_MitjaNemec_ReplicateLayout.replicate_layout 991:Dst text UUid:f4ead487-8b0f-4aa5-99cb-27e656919a76
01-05 16:27:21 com_github_MitjaNemec_ReplicateLayout.replicate_layout 990:Src text UUid:32f662ea-3475-48f5-ab44-d447ace0b423
01-05 16:27:21 com_github_MitjaNemec_ReplicateLayout.replicate_layout 991:Dst text UUid:e808fd92-4477-42f3-b5af-5cc4a118d816
01-05 16:27:21 com_github_MitjaNemec_ReplicateLayout.replicate_layout 990:Src text UUid:b81cbe6c-e29f-425b-8927-ad1ec31e02a2
01-05 16:27:21 com_github_MitjaNemec_ReplicateLayout.replicate_layout 991:Dst text UUid:1db80791-33b1-4cb7-bdb2-258f87cd0ce0
01-05 16:27:21 com_github_MitjaNemec_ReplicateLayout.replicate_layout 888:Replicating footprint: 'R5002'
01-05 16:27:21 com_github_MitjaNemec_ReplicateLayout.replicate_layout 835:Src fp.id: 'F791DB1E-3C52-47F6-AB35-BEC3C8860BB4'
01-05 16:27:21 com_github_MitjaNemec_ReplicateLayout.replicate_layout 839:Dst fp.id: 'F791DB1E-3C52-47F6-AB35-BEC3C8860BB4'
01-05 16:27:21 com_github_MitjaNemec_ReplicateLayout.replicate_layout 895:found match in dst footprint: 'R5502'
01-05 16:27:21 com_github_MitjaNemec_ReplicateLayout.replicate_layout 990:Src text UUid:d38f0985-0a69-4a19-a647-8ad42f9d5e3d
01-05 16:27:21 com_github_MitjaNemec_ReplicateLayout.replicate_layout 991:Dst text UUid:0e166fcf-59a6-49c1-b4cd-0ba697003657
01-05 16:27:21 com_github_MitjaNemec_ReplicateLayout.replicate_layout 990:Src text UUid:62eebea4-a060-43e5-8fc7-48d0540f4176
01-05 16:27:21 com_github_MitjaNemec_ReplicateLayout.replicate_layout 991:Dst text UUid:ebedc906-9e18-4afc-a52f-e072524d7a50
01-05 16:27:21 com_github_MitjaNemec_ReplicateLayout.replicate_layout 990:Src text UUid:9101f52f-b618-482f-ab15-c08ca28f537f
01-05 16:27:21 com_github_MitjaNemec_ReplicateLayout.replicate_layout 991:Dst text UUid:15b097c0-5194-44ae-8f59-561711290763
01-05 16:27:21 com_github_MitjaNemec_ReplicateLayout.replicate_layout 888:Replicating footprint: 'C5001'
01-05 16:27:21 com_github_MitjaNemec_ReplicateLayout.replicate_layout 835:Src fp.id: '9F64A1B3-D57E-43E1-BA1D-21C821188BE6'
01-05 16:27:21 com_github_MitjaNemec_ReplicateLayout.replicate_layout 839:Dst fp.id: '9F64A1B3-D57E-43E1-BA1D-21C821188BE6'
01-05 16:27:21 com_github_MitjaNemec_ReplicateLayout.replicate_layout 895:found match in dst footprint: 'C5501'
01-05 16:27:21 com_github_MitjaNemec_ReplicateLayout.replicate_layout 990:Src text UUid:02736a7d-793b-490a-9880-521f8c70155d
01-05 16:27:21 com_github_MitjaNemec_ReplicateLayout.replicate_layout 991:Dst text UUid:c3723fea-931c-41a1-ac7c-ec142f62e4be
01-05 16:27:21 com_github_MitjaNemec_ReplicateLayout.replicate_layout 990:Src text UUid:6e8c2695-97a6-48e8-8096-97cf3937f342
01-05 16:27:21 com_github_MitjaNemec_ReplicateLayout.replicate_layout 991:Dst text UUid:6b26da0a-fb0e-4deb-a46e-f4e7a5d12f4e
01-05 16:27:21 com_github_MitjaNemec_ReplicateLayout.replicate_layout 990:Src text UUid:28cf14d7-1c36-4a51-8e29-841e55c8955b
01-05 16:27:21 com_github_MitjaNemec_ReplicateLayout.replicate_layout 991:Dst text UUid:8a1cac2a-ae5f-4cce-ade5-9a06cc5d29fa
01-05 16:27:21 com_github_MitjaNemec_ReplicateLayout.replicate_layout 888:Replicating footprint: 'R5003'
01-05 16:27:21 com_github_MitjaNemec_ReplicateLayout.replicate_layout 835:Src fp.id: '6D232E61-826C-44E1-A6F4-00695EF5F949'
01-05 16:27:21 com_github_MitjaNemec_ReplicateLayout.replicate_layout 839:Dst fp.id: '6D232E61-826C-44E1-A6F4-00695EF5F949'
01-05 16:27:21 com_github_MitjaNemec_ReplicateLayout.replicate_layout 895:found match in dst footprint: 'R5503'
01-05 16:27:21 com_github_MitjaNemec_ReplicateLayout.replicate_layout 990:Src text UUid:5f68fa87-aec6-4b5b-a4e9-5f66fe4e06af
01-05 16:27:21 com_github_MitjaNemec_ReplicateLayout.replicate_layout 991:Dst text UUid:21fbf570-26fc-4b96-b03c-7e3c4cbf52fd
01-05 16:27:21 com_github_MitjaNemec_ReplicateLayout.replicate_layout 990:Src text UUid:bdea07fe-078e-41ac-ba66-356a49fd5737
01-05 16:27:21 com_github_MitjaNemec_ReplicateLayout.replicate_layout 991:Dst text UUid:e233336c-c717-4063-9e36-b8dcdf47dcee
01-05 16:27:21 com_github_MitjaNemec_ReplicateLayout.replicate_layout 990:Src text UUid:9c3ae7f9-57d6-41b6-8286-8f5f3c910538
01-05 16:27:21 com_github_MitjaNemec_ReplicateLayout.replicate_layout 991:Dst text UUid:1dab7455-6154-4bb9-bac1-ca06f2adeda4
01-05 16:27:21 com_github_MitjaNemec_ReplicateLayout.replicate_layout 870:Replicating footprints on sheet ['analogue_inputs', 'Analogue Input Stage6']
01-05 16:27:21 com_github_MitjaNemec_ReplicateLayout.replicate_layout 835:Src fp.id: '5E7373B1-D9FF-43E2-B56D-7CBFDD5FDC53'
01-05 16:27:21 com_github_MitjaNemec_ReplicateLayout.replicate_layout 839:Dst fp.id: '5E7373B1-D9FF-43E2-B56D-7CBFDD5FDC53'
01-05 16:27:21 com_github_MitjaNemec_ReplicateLayout.replicate_layout 888:Replicating footprint: 'D5001'
01-05 16:27:21 com_github_MitjaNemec_ReplicateLayout.replicate_layout 835:Src fp.id: '5E7373B1-D9FF-43E2-B56D-7CBFDD5FDC53'
01-05 16:27:21 com_github_MitjaNemec_ReplicateLayout.replicate_layout 839:Dst fp.id: '5E7373B1-D9FF-43E2-B56D-7CBFDD5FDC53'
01-05 16:27:21 com_github_MitjaNemec_ReplicateLayout.replicate_layout 895:found match in dst footprint: 'D5601'
01-05 16:27:21 com_github_MitjaNemec_ReplicateLayout.replicate_layout 990:Src text UUid:a6851ac2-15d5-4051-b895-8cf813032b54
01-05 16:27:21 com_github_MitjaNemec_ReplicateLayout.replicate_layout 991:Dst text UUid:4957d7c4-d564-42c8-917d-fa85201a4bb2
01-05 16:27:21 com_github_MitjaNemec_ReplicateLayout.replicate_layout 990:Src text UUid:9d8fccdc-6c45-46e9-80e5-83f054b5e178
01-05 16:27:21 com_github_MitjaNemec_ReplicateLayout.replicate_layout 991:Dst text UUid:8a9631d2-1811-4996-b802-cf40f59b3ec9
01-05 16:27:21 com_github_MitjaNemec_ReplicateLayout.replicate_layout 990:Src text UUid:20a54244-3dcf-452e-8a5e-d739a3f58dbf
01-05 16:27:21 com_github_MitjaNemec_ReplicateLayout.replicate_layout 991:Dst text UUid:fa5b9ce3-78ef-471f-943d-2b122e2ea45d
01-05 16:27:21 com_github_MitjaNemec_ReplicateLayout.replicate_layout 888:Replicating footprint: 'R5001'
01-05 16:27:21 com_github_MitjaNemec_ReplicateLayout.replicate_layout 835:Src fp.id: '19B7C1AE-1AD0-410D-82F5-10917D718F32'
01-05 16:27:21 com_github_MitjaNemec_ReplicateLayout.replicate_layout 839:Dst fp.id: '19B7C1AE-1AD0-410D-82F5-10917D718F32'
01-05 16:27:21 com_github_MitjaNemec_ReplicateLayout.replicate_layout 895:found match in dst footprint: 'R5601'
01-05 16:27:21 com_github_MitjaNemec_ReplicateLayout.replicate_layout 990:Src text UUid:4de9171f-8d32-4ef1-ae20-d3b94d224074
01-05 16:27:21 com_github_MitjaNemec_ReplicateLayout.replicate_layout 991:Dst text UUid:8c63c80e-53a7-4c6e-9034-233caf065515
01-05 16:27:21 com_github_MitjaNemec_ReplicateLayout.replicate_layout 990:Src text UUid:23fcb334-0ccc-4f7d-aa4b-beba986fd387
01-05 16:27:21 com_github_MitjaNemec_ReplicateLayout.replicate_layout 991:Dst text UUid:99dc0e20-bc1b-40b9-ae67-07ccaaf8c6ee
01-05 16:27:21 com_github_MitjaNemec_ReplicateLayout.replicate_layout 990:Src text UUid:046ca2e3-51c6-4d11-9523-9a170897a872
01-05 16:27:21 com_github_MitjaNemec_ReplicateLayout.replicate_layout 991:Dst text UUid:855e5c26-ac37-44ee-8cc4-5b887fb28854
01-05 16:27:21 com_github_MitjaNemec_ReplicateLayout.replicate_layout 888:Replicating footprint: 'D5002'
01-05 16:27:21 com_github_MitjaNemec_ReplicateLayout.replicate_layout 835:Src fp.id: 'EB45DE54-18AC-49EA-9141-D46D8B0EC99F'
01-05 16:27:21 com_github_MitjaNemec_ReplicateLayout.replicate_layout 839:Dst fp.id: 'EB45DE54-18AC-49EA-9141-D46D8B0EC99F'
01-05 16:27:21 com_github_MitjaNemec_ReplicateLayout.replicate_layout 895:found match in dst footprint: 'D5602'
01-05 16:27:21 com_github_MitjaNemec_ReplicateLayout.replicate_layout 990:Src text UUid:04ca6b83-654a-4ca7-b0ff-51b3cc547912
01-05 16:27:21 com_github_MitjaNemec_ReplicateLayout.replicate_layout 991:Dst text UUid:2b951afe-8ec2-4fae-afc4-00947192c572
01-05 16:27:21 com_github_MitjaNemec_ReplicateLayout.replicate_layout 990:Src text UUid:32f662ea-3475-48f5-ab44-d447ace0b423
01-05 16:27:21 com_github_MitjaNemec_ReplicateLayout.replicate_layout 991:Dst text UUid:950d19b4-7a53-4a6f-bfbb-44f98b009939
01-05 16:27:21 com_github_MitjaNemec_ReplicateLayout.replicate_layout 990:Src text UUid:b81cbe6c-e29f-425b-8927-ad1ec31e02a2
01-05 16:27:21 com_github_MitjaNemec_ReplicateLayout.replicate_layout 991:Dst text UUid:b7c9482a-b78a-4a37-a3d5-e7c22d105780
01-05 16:27:21 com_github_MitjaNemec_ReplicateLayout.replicate_layout 888:Replicating footprint: 'R5002'
01-05 16:27:21 com_github_MitjaNemec_ReplicateLayout.replicate_layout 835:Src fp.id: 'F791DB1E-3C52-47F6-AB35-BEC3C8860BB4'
01-05 16:27:21 com_github_MitjaNemec_ReplicateLayout.replicate_layout 839:Dst fp.id: 'F791DB1E-3C52-47F6-AB35-BEC3C8860BB4'
01-05 16:27:21 com_github_MitjaNemec_ReplicateLayout.replicate_layout 895:found match in dst footprint: 'R5602'
01-05 16:27:21 com_github_MitjaNemec_ReplicateLayout.replicate_layout 990:Src text UUid:d38f0985-0a69-4a19-a647-8ad42f9d5e3d
01-05 16:27:21 com_github_MitjaNemec_ReplicateLayout.replicate_layout 991:Dst text UUid:25efe368-08f7-4ae6-85f2-59a7e8b8b59f
01-05 16:27:21 com_github_MitjaNemec_ReplicateLayout.replicate_layout 990:Src text UUid:62eebea4-a060-43e5-8fc7-48d0540f4176
01-05 16:27:21 com_github_MitjaNemec_ReplicateLayout.replicate_layout 991:Dst text UUid:aa7a2cc8-6039-43dd-b6d0-86ff3130a2d1
01-05 16:27:21 com_github_MitjaNemec_ReplicateLayout.replicate_layout 990:Src text UUid:9101f52f-b618-482f-ab15-c08ca28f537f
01-05 16:27:21 com_github_MitjaNemec_ReplicateLayout.replicate_layout 991:Dst text UUid:df04a936-7b01-4262-8618-c27f6daf1601
01-05 16:27:21 com_github_MitjaNemec_ReplicateLayout.replicate_layout 888:Replicating footprint: 'C5001'
01-05 16:27:21 com_github_MitjaNemec_ReplicateLayout.replicate_layout 835:Src fp.id: '9F64A1B3-D57E-43E1-BA1D-21C821188BE6'
01-05 16:27:21 com_github_MitjaNemec_ReplicateLayout.replicate_layout 839:Dst fp.id: '9F64A1B3-D57E-43E1-BA1D-21C821188BE6'
01-05 16:27:21 com_github_MitjaNemec_ReplicateLayout.replicate_layout 895:found match in dst footprint: 'C5601'
01-05 16:27:21 com_github_MitjaNemec_ReplicateLayout.replicate_layout 990:Src text UUid:02736a7d-793b-490a-9880-521f8c70155d
01-05 16:27:21 com_github_MitjaNemec_ReplicateLayout.replicate_layout 991:Dst text UUid:60b0192d-0793-4835-a46c-593cd4b6ddd7
01-05 16:27:21 com_github_MitjaNemec_ReplicateLayout.replicate_layout 990:Src text UUid:6e8c2695-97a6-48e8-8096-97cf3937f342
01-05 16:27:21 com_github_MitjaNemec_ReplicateLayout.replicate_layout 991:Dst text UUid:56fe3077-272e-4159-a0f0-7bbe55361408
01-05 16:27:21 com_github_MitjaNemec_ReplicateLayout.replicate_layout 990:Src text UUid:28cf14d7-1c36-4a51-8e29-841e55c8955b
01-05 16:27:21 com_github_MitjaNemec_ReplicateLayout.replicate_layout 991:Dst text UUid:b99fd28a-3a03-44c8-91b9-8c9b7fd338bb
01-05 16:27:21 com_github_MitjaNemec_ReplicateLayout.replicate_layout 888:Replicating footprint: 'R5003'
01-05 16:27:21 com_github_MitjaNemec_ReplicateLayout.replicate_layout 835:Src fp.id: '6D232E61-826C-44E1-A6F4-00695EF5F949'
01-05 16:27:21 com_github_MitjaNemec_ReplicateLayout.replicate_layout 839:Dst fp.id: '6D232E61-826C-44E1-A6F4-00695EF5F949'
01-05 16:27:21 com_github_MitjaNemec_ReplicateLayout.replicate_layout 895:found match in dst footprint: 'R5603'
01-05 16:27:21 com_github_MitjaNemec_ReplicateLayout.replicate_layout 990:Src text UUid:5f68fa87-aec6-4b5b-a4e9-5f66fe4e06af
01-05 16:27:21 com_github_MitjaNemec_ReplicateLayout.replicate_layout 991:Dst text UUid:e870a676-58c7-4e39-834e-3e2c0ba7dbb9
01-05 16:27:21 com_github_MitjaNemec_ReplicateLayout.replicate_layout 990:Src text UUid:bdea07fe-078e-41ac-ba66-356a49fd5737
01-05 16:27:21 com_github_MitjaNemec_ReplicateLayout.replicate_layout 991:Dst text UUid:25ebfc2c-ddcf-4e36-816d-86cbb91ce5e1
01-05 16:27:21 com_github_MitjaNemec_ReplicateLayout.replicate_layout 990:Src text UUid:9c3ae7f9-57d6-41b6-8286-8f5f3c910538
01-05 16:27:21 com_github_MitjaNemec_ReplicateLayout.replicate_layout 991:Dst text UUid:16204428-096e-4a2d-86c6-a06fa5389f39
01-05 16:27:21 root 345:updating GUI with: 75
01-05 16:27:21 com_github_MitjaNemec_ReplicateLayout.replicate_layout 870:Replicating footprints on sheet ['analogue_inputs', 'Analogue Input Stage7']
01-05 16:27:21 com_github_MitjaNemec_ReplicateLayout.replicate_layout 835:Src fp.id: '5E7373B1-D9FF-43E2-B56D-7CBFDD5FDC53'
01-05 16:27:21 com_github_MitjaNemec_ReplicateLayout.replicate_layout 839:Dst fp.id: '5E7373B1-D9FF-43E2-B56D-7CBFDD5FDC53'
01-05 16:27:21 com_github_MitjaNemec_ReplicateLayout.replicate_layout 888:Replicating footprint: 'D5001'
01-05 16:27:21 com_github_MitjaNemec_ReplicateLayout.replicate_layout 835:Src fp.id: '5E7373B1-D9FF-43E2-B56D-7CBFDD5FDC53'
01-05 16:27:21 com_github_MitjaNemec_ReplicateLayout.replicate_layout 839:Dst fp.id: '5E7373B1-D9FF-43E2-B56D-7CBFDD5FDC53'
01-05 16:27:21 com_github_MitjaNemec_ReplicateLayout.replicate_layout 895:found match in dst footprint: 'D5701'
01-05 16:27:21 com_github_MitjaNemec_ReplicateLayout.replicate_layout 990:Src text UUid:a6851ac2-15d5-4051-b895-8cf813032b54
01-05 16:27:21 com_github_MitjaNemec_ReplicateLayout.replicate_layout 991:Dst text UUid:2c317f40-7e93-4bb1-b67d-1517f7c24be8
01-05 16:27:21 com_github_MitjaNemec_ReplicateLayout.replicate_layout 990:Src text UUid:9d8fccdc-6c45-46e9-80e5-83f054b5e178
01-05 16:27:21 com_github_MitjaNemec_ReplicateLayout.replicate_layout 991:Dst text UUid:44bcad6b-d918-4af1-9a17-eac9fd86a006
01-05 16:27:21 com_github_MitjaNemec_ReplicateLayout.replicate_layout 990:Src text UUid:20a54244-3dcf-452e-8a5e-d739a3f58dbf
01-05 16:27:21 com_github_MitjaNemec_ReplicateLayout.replicate_layout 991:Dst text UUid:ce67b52d-b304-4a27-86cf-fa58877e6fcd
01-05 16:27:21 com_github_MitjaNemec_ReplicateLayout.replicate_layout 888:Replicating footprint: 'R5001'
01-05 16:27:21 com_github_MitjaNemec_ReplicateLayout.replicate_layout 835:Src fp.id: '19B7C1AE-1AD0-410D-82F5-10917D718F32'
01-05 16:27:21 com_github_MitjaNemec_ReplicateLayout.replicate_layout 839:Dst fp.id: '19B7C1AE-1AD0-410D-82F5-10917D718F32'
01-05 16:27:21 com_github_MitjaNemec_ReplicateLayout.replicate_layout 895:found match in dst footprint: 'R5701'
01-05 16:27:21 com_github_MitjaNemec_ReplicateLayout.replicate_layout 990:Src text UUid:4de9171f-8d32-4ef1-ae20-d3b94d224074
01-05 16:27:21 com_github_MitjaNemec_ReplicateLayout.replicate_layout 991:Dst text UUid:02090425-cb48-459b-8cc0-e499a0e615c0
01-05 16:27:21 com_github_MitjaNemec_ReplicateLayout.replicate_layout 990:Src text UUid:23fcb334-0ccc-4f7d-aa4b-beba986fd387
01-05 16:27:21 com_github_MitjaNemec_ReplicateLayout.replicate_layout 991:Dst text UUid:6337f74d-2f7c-4908-85f2-19433613f714
01-05 16:27:21 com_github_MitjaNemec_ReplicateLayout.replicate_layout 990:Src text UUid:046ca2e3-51c6-4d11-9523-9a170897a872
01-05 16:27:21 com_github_MitjaNemec_ReplicateLayout.replicate_layout 991:Dst text UUid:84a43490-ffa6-4808-a32f-67a184af0feb
01-05 16:27:21 com_github_MitjaNemec_ReplicateLayout.replicate_layout 888:Replicating footprint: 'D5002'
01-05 16:27:21 com_github_MitjaNemec_ReplicateLayout.replicate_layout 835:Src fp.id: 'EB45DE54-18AC-49EA-9141-D46D8B0EC99F'
01-05 16:27:21 com_github_MitjaNemec_ReplicateLayout.replicate_layout 839:Dst fp.id: 'EB45DE54-18AC-49EA-9141-D46D8B0EC99F'
01-05 16:27:21 com_github_MitjaNemec_ReplicateLayout.replicate_layout 895:found match in dst footprint: 'D5702'
01-05 16:27:21 com_github_MitjaNemec_ReplicateLayout.replicate_layout 990:Src text UUid:04ca6b83-654a-4ca7-b0ff-51b3cc547912
01-05 16:27:21 com_github_MitjaNemec_ReplicateLayout.replicate_layout 991:Dst text UUid:40e8d21a-8a26-4ae0-8238-cfeb01743c6b
01-05 16:27:21 com_github_MitjaNemec_ReplicateLayout.replicate_layout 990:Src text UUid:32f662ea-3475-48f5-ab44-d447ace0b423
01-05 16:27:21 com_github_MitjaNemec_ReplicateLayout.replicate_layout 991:Dst text UUid:c02c2197-58f5-461b-b866-c23f17045cef
01-05 16:27:21 com_github_MitjaNemec_ReplicateLayout.replicate_layout 990:Src text UUid:b81cbe6c-e29f-425b-8927-ad1ec31e02a2
01-05 16:27:21 com_github_MitjaNemec_ReplicateLayout.replicate_layout 991:Dst text UUid:dd05e4a4-3ab0-4f6f-9a90-43647b7158f0
01-05 16:27:21 com_github_MitjaNemec_ReplicateLayout.replicate_layout 888:Replicating footprint: 'R5002'
01-05 16:27:21 com_github_MitjaNemec_ReplicateLayout.replicate_layout 835:Src fp.id: 'F791DB1E-3C52-47F6-AB35-BEC3C8860BB4'
01-05 16:27:21 com_github_MitjaNemec_ReplicateLayout.replicate_layout 839:Dst fp.id: 'F791DB1E-3C52-47F6-AB35-BEC3C8860BB4'
01-05 16:27:21 com_github_MitjaNemec_ReplicateLayout.replicate_layout 895:found match in dst footprint: 'R5702'
01-05 16:27:21 com_github_MitjaNemec_ReplicateLayout.replicate_layout 990:Src text UUid:d38f0985-0a69-4a19-a647-8ad42f9d5e3d
01-05 16:27:21 com_github_MitjaNemec_ReplicateLayout.replicate_layout 991:Dst text UUid:9f986ddd-d044-4cd0-9eec-0cbda0b15364
01-05 16:27:21 com_github_MitjaNemec_ReplicateLayout.replicate_layout 990:Src text UUid:62eebea4-a060-43e5-8fc7-48d0540f4176
01-05 16:27:21 com_github_MitjaNemec_ReplicateLayout.replicate_layout 991:Dst text UUid:7034162a-74d9-4748-9df2-343eae577d0c
01-05 16:27:21 com_github_MitjaNemec_ReplicateLayout.replicate_layout 990:Src text UUid:9101f52f-b618-482f-ab15-c08ca28f537f
01-05 16:27:21 com_github_MitjaNemec_ReplicateLayout.replicate_layout 991:Dst text UUid:0820b460-1312-48da-9c20-074e493a94d9
01-05 16:27:21 com_github_MitjaNemec_ReplicateLayout.replicate_layout 888:Replicating footprint: 'C5001'
01-05 16:27:21 com_github_MitjaNemec_ReplicateLayout.replicate_layout 835:Src fp.id: '9F64A1B3-D57E-43E1-BA1D-21C821188BE6'
01-05 16:27:21 com_github_MitjaNemec_ReplicateLayout.replicate_layout 839:Dst fp.id: '9F64A1B3-D57E-43E1-BA1D-21C821188BE6'
01-05 16:27:21 com_github_MitjaNemec_ReplicateLayout.replicate_layout 895:found match in dst footprint: 'C5701'
01-05 16:27:21 com_github_MitjaNemec_ReplicateLayout.replicate_layout 990:Src text UUid:02736a7d-793b-490a-9880-521f8c70155d
01-05 16:27:21 com_github_MitjaNemec_ReplicateLayout.replicate_layout 991:Dst text UUid:61312b38-00f7-4917-91b6-7fbd1164bd81
01-05 16:27:21 com_github_MitjaNemec_ReplicateLayout.replicate_layout 990:Src text UUid:6e8c2695-97a6-48e8-8096-97cf3937f342
01-05 16:27:21 com_github_MitjaNemec_ReplicateLayout.replicate_layout 991:Dst text UUid:e8549f89-7b4f-43a7-b799-fc26865cd265
01-05 16:27:21 com_github_MitjaNemec_ReplicateLayout.replicate_layout 990:Src text UUid:28cf14d7-1c36-4a51-8e29-841e55c8955b
01-05 16:27:21 com_github_MitjaNemec_ReplicateLayout.replicate_layout 991:Dst text UUid:eb34494b-f1e9-4a39-a37c-06455afba915
01-05 16:27:21 com_github_MitjaNemec_ReplicateLayout.replicate_layout 888:Replicating footprint: 'R5003'
01-05 16:27:21 com_github_MitjaNemec_ReplicateLayout.replicate_layout 835:Src fp.id: '6D232E61-826C-44E1-A6F4-00695EF5F949'
01-05 16:27:21 com_github_MitjaNemec_ReplicateLayout.replicate_layout 839:Dst fp.id: '6D232E61-826C-44E1-A6F4-00695EF5F949'
01-05 16:27:21 com_github_MitjaNemec_ReplicateLayout.replicate_layout 895:found match in dst footprint: 'R5703'
01-05 16:27:21 com_github_MitjaNemec_ReplicateLayout.replicate_layout 990:Src text UUid:5f68fa87-aec6-4b5b-a4e9-5f66fe4e06af
01-05 16:27:21 com_github_MitjaNemec_ReplicateLayout.replicate_layout 991:Dst text UUid:2c35bbe2-3826-4f8f-8d89-edc26904b665
01-05 16:27:21 com_github_MitjaNemec_ReplicateLayout.replicate_layout 990:Src text UUid:bdea07fe-078e-41ac-ba66-356a49fd5737
01-05 16:27:21 com_github_MitjaNemec_ReplicateLayout.replicate_layout 991:Dst text UUid:e0101bc9-1631-421f-b071-a7f629e157da
01-05 16:27:21 com_github_MitjaNemec_ReplicateLayout.replicate_layout 990:Src text UUid:9c3ae7f9-57d6-41b6-8286-8f5f3c910538
01-05 16:27:21 com_github_MitjaNemec_ReplicateLayout.replicate_layout 991:Dst text UUid:b269120c-e3df-49c1-bcc7-30999d49547b
01-05 16:27:21 com_github_MitjaNemec_ReplicateLayout.replicate_layout 870:Replicating footprints on sheet ['analogue_inputs', 'Analogue Input Stage8']
01-05 16:27:21 com_github_MitjaNemec_ReplicateLayout.replicate_layout 835:Src fp.id: '5E7373B1-D9FF-43E2-B56D-7CBFDD5FDC53'
01-05 16:27:21 com_github_MitjaNemec_ReplicateLayout.replicate_layout 839:Dst fp.id: '5E7373B1-D9FF-43E2-B56D-7CBFDD5FDC53'
01-05 16:27:21 com_github_MitjaNemec_ReplicateLayout.replicate_layout 888:Replicating footprint: 'D5001'
01-05 16:27:21 com_github_MitjaNemec_ReplicateLayout.replicate_layout 835:Src fp.id: '5E7373B1-D9FF-43E2-B56D-7CBFDD5FDC53'
01-05 16:27:21 com_github_MitjaNemec_ReplicateLayout.replicate_layout 839:Dst fp.id: '5E7373B1-D9FF-43E2-B56D-7CBFDD5FDC53'
01-05 16:27:21 com_github_MitjaNemec_ReplicateLayout.replicate_layout 895:found match in dst footprint: 'D5801'
01-05 16:27:21 com_github_MitjaNemec_ReplicateLayout.replicate_layout 990:Src text UUid:a6851ac2-15d5-4051-b895-8cf813032b54
01-05 16:27:21 com_github_MitjaNemec_ReplicateLayout.replicate_layout 991:Dst text UUid:23c76e87-6d70-4e9f-be32-359a473149fc
01-05 16:27:21 com_github_MitjaNemec_ReplicateLayout.replicate_layout 990:Src text UUid:9d8fccdc-6c45-46e9-80e5-83f054b5e178
01-05 16:27:21 com_github_MitjaNemec_ReplicateLayout.replicate_layout 991:Dst text UUid:a561a6a3-e293-46cd-8c96-ee0218b5f598
01-05 16:27:21 com_github_MitjaNemec_ReplicateLayout.replicate_layout 990:Src text UUid:20a54244-3dcf-452e-8a5e-d739a3f58dbf
01-05 16:27:21 com_github_MitjaNemec_ReplicateLayout.replicate_layout 991:Dst text UUid:19fee8e4-219d-4022-ad6c-85d96a2798a7
01-05 16:27:21 com_github_MitjaNemec_ReplicateLayout.replicate_layout 888:Replicating footprint: 'R5001'
01-05 16:27:21 com_github_MitjaNemec_ReplicateLayout.replicate_layout 835:Src fp.id: '19B7C1AE-1AD0-410D-82F5-10917D718F32'
01-05 16:27:21 com_github_MitjaNemec_ReplicateLayout.replicate_layout 839:Dst fp.id: '19B7C1AE-1AD0-410D-82F5-10917D718F32'
01-05 16:27:21 com_github_MitjaNemec_ReplicateLayout.replicate_layout 895:found match in dst footprint: 'R5801'
01-05 16:27:21 com_github_MitjaNemec_ReplicateLayout.replicate_layout 990:Src text UUid:4de9171f-8d32-4ef1-ae20-d3b94d224074
01-05 16:27:21 com_github_MitjaNemec_ReplicateLayout.replicate_layout 991:Dst text UUid:2b1abbbe-47bf-4667-ab8d-f10195c81022
01-05 16:27:21 com_github_MitjaNemec_ReplicateLayout.replicate_layout 990:Src text UUid:23fcb334-0ccc-4f7d-aa4b-beba986fd387
01-05 16:27:21 com_github_MitjaNemec_ReplicateLayout.replicate_layout 991:Dst text UUid:c93e78fd-35aa-4d34-a6d2-83c7cab29859
01-05 16:27:21 com_github_MitjaNemec_ReplicateLayout.replicate_layout 990:Src text UUid:046ca2e3-51c6-4d11-9523-9a170897a872
01-05 16:27:21 com_github_MitjaNemec_ReplicateLayout.replicate_layout 991:Dst text UUid:bbf87ad5-733d-4b29-8715-d9eead2a507c
01-05 16:27:21 com_github_MitjaNemec_ReplicateLayout.replicate_layout 888:Replicating footprint: 'D5002'
01-05 16:27:21 com_github_MitjaNemec_ReplicateLayout.replicate_layout 835:Src fp.id: 'EB45DE54-18AC-49EA-9141-D46D8B0EC99F'
01-05 16:27:21 com_github_MitjaNemec_ReplicateLayout.replicate_layout 839:Dst fp.id: 'EB45DE54-18AC-49EA-9141-D46D8B0EC99F'
01-05 16:27:21 com_github_MitjaNemec_ReplicateLayout.replicate_layout 895:found match in dst footprint: 'D5802'
01-05 16:27:21 com_github_MitjaNemec_ReplicateLayout.replicate_layout 990:Src text UUid:04ca6b83-654a-4ca7-b0ff-51b3cc547912
01-05 16:27:21 com_github_MitjaNemec_ReplicateLayout.replicate_layout 991:Dst text UUid:9d1ef6ac-c237-41a5-a2ed-6673f6a4568c
01-05 16:27:21 com_github_MitjaNemec_ReplicateLayout.replicate_layout 990:Src text UUid:32f662ea-3475-48f5-ab44-d447ace0b423
01-05 16:27:21 com_github_MitjaNemec_ReplicateLayout.replicate_layout 991:Dst text UUid:27839318-9acf-49ac-8118-9f1763b5b5f8
01-05 16:27:21 com_github_MitjaNemec_ReplicateLayout.replicate_layout 990:Src text UUid:b81cbe6c-e29f-425b-8927-ad1ec31e02a2
01-05 16:27:21 com_github_MitjaNemec_ReplicateLayout.replicate_layout 991:Dst text UUid:51cae6dd-a22f-4098-a3b6-ca7796a6e605
01-05 16:27:21 com_github_MitjaNemec_ReplicateLayout.replicate_layout 888:Replicating footprint: 'R5002'
01-05 16:27:21 com_github_MitjaNemec_ReplicateLayout.replicate_layout 835:Src fp.id: 'F791DB1E-3C52-47F6-AB35-BEC3C8860BB4'
01-05 16:27:21 com_github_MitjaNemec_ReplicateLayout.replicate_layout 839:Dst fp.id: 'F791DB1E-3C52-47F6-AB35-BEC3C8860BB4'
01-05 16:27:21 com_github_MitjaNemec_ReplicateLayout.replicate_layout 895:found match in dst footprint: 'R5802'
01-05 16:27:21 com_github_MitjaNemec_ReplicateLayout.replicate_layout 990:Src text UUid:d38f0985-0a69-4a19-a647-8ad42f9d5e3d
01-05 16:27:21 com_github_MitjaNemec_ReplicateLayout.replicate_layout 991:Dst text UUid:b7434a1a-eb83-4d65-93d7-548df973d833
01-05 16:27:21 com_github_MitjaNemec_ReplicateLayout.replicate_layout 990:Src text UUid:62eebea4-a060-43e5-8fc7-48d0540f4176
01-05 16:27:21 com_github_MitjaNemec_ReplicateLayout.replicate_layout 991:Dst text UUid:fdd828ac-8d24-48b3-b109-05f95a397e11
01-05 16:27:21 com_github_MitjaNemec_ReplicateLayout.replicate_layout 990:Src text UUid:9101f52f-b618-482f-ab15-c08ca28f537f
01-05 16:27:21 com_github_MitjaNemec_ReplicateLayout.replicate_layout 991:Dst text UUid:79e7e697-0180-4dcb-944b-59965292af4a
01-05 16:27:21 com_github_MitjaNemec_ReplicateLayout.replicate_layout 888:Replicating footprint: 'C5001'
01-05 16:27:21 com_github_MitjaNemec_ReplicateLayout.replicate_layout 835:Src fp.id: '9F64A1B3-D57E-43E1-BA1D-21C821188BE6'
01-05 16:27:21 com_github_MitjaNemec_ReplicateLayout.replicate_layout 839:Dst fp.id: '9F64A1B3-D57E-43E1-BA1D-21C821188BE6'
01-05 16:27:21 com_github_MitjaNemec_ReplicateLayout.replicate_layout 895:found match in dst footprint: 'C5801'
01-05 16:27:21 com_github_MitjaNemec_ReplicateLayout.replicate_layout 990:Src text UUid:02736a7d-793b-490a-9880-521f8c70155d
01-05 16:27:21 com_github_MitjaNemec_ReplicateLayout.replicate_layout 991:Dst text UUid:875db346-18a0-4129-b749-258701ca51ba
01-05 16:27:21 com_github_MitjaNemec_ReplicateLayout.replicate_layout 990:Src text UUid:6e8c2695-97a6-48e8-8096-97cf3937f342
01-05 16:27:21 com_github_MitjaNemec_ReplicateLayout.replicate_layout 991:Dst text UUid:56214f51-5bdf-4f71-b4e0-c6dcf1a212c5
01-05 16:27:21 com_github_MitjaNemec_ReplicateLayout.replicate_layout 990:Src text UUid:28cf14d7-1c36-4a51-8e29-841e55c8955b
01-05 16:27:21 com_github_MitjaNemec_ReplicateLayout.replicate_layout 991:Dst text UUid:d4269369-e9d2-4b4e-91aa-a0af0349a404
01-05 16:27:21 com_github_MitjaNemec_ReplicateLayout.replicate_layout 888:Replicating footprint: 'R5003'
01-05 16:27:21 com_github_MitjaNemec_ReplicateLayout.replicate_layout 835:Src fp.id: '6D232E61-826C-44E1-A6F4-00695EF5F949'
01-05 16:27:21 com_github_MitjaNemec_ReplicateLayout.replicate_layout 839:Dst fp.id: '6D232E61-826C-44E1-A6F4-00695EF5F949'
01-05 16:27:21 com_github_MitjaNemec_ReplicateLayout.replicate_layout 895:found match in dst footprint: 'R5803'
01-05 16:27:21 com_github_MitjaNemec_ReplicateLayout.replicate_layout 990:Src text UUid:5f68fa87-aec6-4b5b-a4e9-5f66fe4e06af
01-05 16:27:21 com_github_MitjaNemec_ReplicateLayout.replicate_layout 991:Dst text UUid:8c7facc2-d0ad-418c-a3a9-f624686f40bf
01-05 16:27:21 com_github_MitjaNemec_ReplicateLayout.replicate_layout 990:Src text UUid:bdea07fe-078e-41ac-ba66-356a49fd5737
01-05 16:27:21 com_github_MitjaNemec_ReplicateLayout.replicate_layout 991:Dst text UUid:990b380c-d972-4851-9948-3ae84b2b53fe
01-05 16:27:21 com_github_MitjaNemec_ReplicateLayout.replicate_layout 990:Src text UUid:9c3ae7f9-57d6-41b6-8286-8f5f3c910538
01-05 16:27:21 com_github_MitjaNemec_ReplicateLayout.replicate_layout 991:Dst text UUid:59094bb3-7a05-4cf2-a710-0e1c60d67b1c
01-05 16:27:21 root 340:updating GUI message: 'Replicating tracks'
01-05 16:27:21 com_github_MitjaNemec_ReplicateLayout.replicate_layout 1014:Replicating tracks
01-05 16:27:21 root 345:updating GUI with: 0
01-05 16:27:21 com_github_MitjaNemec_ReplicateLayout.replicate_layout 1020:Replicating tracks on sheet ['analogue_inputs', 'Analogue Input Stage1']
01-05 16:27:21 com_github_MitjaNemec_ReplicateLayout.replicate_layout 835:Src fp.id: '5E7373B1-D9FF-43E2-B56D-7CBFDD5FDC53'
01-05 16:27:21 com_github_MitjaNemec_ReplicateLayout.replicate_layout 839:Dst fp.id: '5E7373B1-D9FF-43E2-B56D-7CBFDD5FDC53'
01-05 16:27:21 com_github_MitjaNemec_ReplicateLayout.replicate_layout 792:Net pairs for sheet ['analogue_inputs', 'Analogue Input Stage1'] :[('/ADC1_IN1', '/ADC1_IN2'), ('GND', 'GND'), ('+3.3V', '+3.3V'), ('/SENSE_1', '/SENSE_2'), ('Net-(D5001-A)', 'Net-(D5101-A)')]
01-05 16:27:21 com_github_MitjaNemec_ReplicateLayout.replicate_layout 1020:Replicating tracks on sheet ['analogue_inputs', 'Analogue Input Stage2']
01-05 16:27:21 com_github_MitjaNemec_ReplicateLayout.replicate_layout 835:Src fp.id: '5E7373B1-D9FF-43E2-B56D-7CBFDD5FDC53'
01-05 16:27:21 com_github_MitjaNemec_ReplicateLayout.replicate_layout 839:Dst fp.id: '5E7373B1-D9FF-43E2-B56D-7CBFDD5FDC53'
01-05 16:27:21 com_github_MitjaNemec_ReplicateLayout.replicate_layout 792:Net pairs for sheet ['analogue_inputs', 'Analogue Input Stage2'] :[('Net-(D5001-A)', 'Net-(D5201-A)'), ('GND', 'GND'), ('+3.3V', '+3.3V'), ('/ADC1_IN1', '/ADC1_IN3'), ('/SENSE_1', '/SENSE_3')]
01-05 16:27:21 root 345:updating GUI with: 13
01-05 16:27:21 com_github_MitjaNemec_ReplicateLayout.replicate_layout 1020:Replicating tracks on sheet ['analogue_inputs', 'Analogue Input Stage3']
01-05 16:27:21 com_github_MitjaNemec_ReplicateLayout.replicate_layout 835:Src fp.id: '5E7373B1-D9FF-43E2-B56D-7CBFDD5FDC53'
01-05 16:27:21 com_github_MitjaNemec_ReplicateLayout.replicate_layout 839:Dst fp.id: '5E7373B1-D9FF-43E2-B56D-7CBFDD5FDC53'
01-05 16:27:21 com_github_MitjaNemec_ReplicateLayout.replicate_layout 792:Net pairs for sheet ['analogue_inputs', 'Analogue Input Stage3'] :[('GND', 'GND'), ('/ADC1_IN1', '/ADC1_IN4'), ('+3.3V', '+3.3V'), ('Net-(D5001-A)', 'Net-(D5301-A)'), ('/SENSE_1', '/SENSE_4')]
01-05 16:27:21 root 345:updating GUI with: 29
01-05 16:27:21 root 345:updating GUI with: 30
01-05 16:27:21 com_github_MitjaNemec_ReplicateLayout.replicate_layout 1020:Replicating tracks on sheet ['analogue_inputs', 'Analogue Input Stage4']
01-05 16:27:21 com_github_MitjaNemec_ReplicateLayout.replicate_layout 835:Src fp.id: '5E7373B1-D9FF-43E2-B56D-7CBFDD5FDC53'
01-05 16:27:21 com_github_MitjaNemec_ReplicateLayout.replicate_layout 839:Dst fp.id: '5E7373B1-D9FF-43E2-B56D-7CBFDD5FDC53'
01-05 16:27:21 com_github_MitjaNemec_ReplicateLayout.replicate_layout 792:Net pairs for sheet ['analogue_inputs', 'Analogue Input Stage4'] :[('GND', 'GND'), ('+3.3V', '+3.3V'), ('Net-(D5001-A)', 'Net-(D5401-A)'), ('/ADC1_IN1', '/ADC1_IN6'), ('/SENSE_1', '/SENSE_5')]
01-05 16:27:21 root 345:updating GUI with: 39
01-05 16:27:21 root 345:updating GUI with: 40
01-05 16:27:21 com_github_MitjaNemec_ReplicateLayout.replicate_layout 1020:Replicating tracks on sheet ['analogue_inputs', 'Analogue Input Stage5']
01-05 16:27:21 com_github_MitjaNemec_ReplicateLayout.replicate_layout 835:Src fp.id: '5E7373B1-D9FF-43E2-B56D-7CBFDD5FDC53'
01-05 16:27:21 com_github_MitjaNemec_ReplicateLayout.replicate_layout 839:Dst fp.id: '5E7373B1-D9FF-43E2-B56D-7CBFDD5FDC53'
01-05 16:27:21 com_github_MitjaNemec_ReplicateLayout.replicate_layout 792:Net pairs for sheet ['analogue_inputs', 'Analogue Input Stage5'] :[('GND', 'GND'), ('Net-(D5001-A)', 'Net-(D5501-A)'), ('+3.3V', '+3.3V'), ('/ADC1_IN1', '/ADC1_IN7'), ('/SENSE_1', '/SENSE_6')]
01-05 16:27:21 root 345:updating GUI with: 50
01-05 16:27:21 root 345:updating GUI with: 51
01-05 16:27:21 root 345:updating GUI with: 62
01-05 16:27:22 root 345:updating GUI with: 62
01-05 16:27:22 com_github_MitjaNemec_ReplicateLayout.replicate_layout 1020:Replicating tracks on sheet ['analogue_inputs', 'Analogue Input Stage6']
01-05 16:27:22 com_github_MitjaNemec_ReplicateLayout.replicate_layout 835:Src fp.id: '5E7373B1-D9FF-43E2-B56D-7CBFDD5FDC53'
01-05 16:27:22 com_github_MitjaNemec_ReplicateLayout.replicate_layout 839:Dst fp.id: '5E7373B1-D9FF-43E2-B56D-7CBFDD5FDC53'
01-05 16:27:22 com_github_MitjaNemec_ReplicateLayout.replicate_layout 792:Net pairs for sheet ['analogue_inputs', 'Analogue Input Stage6'] :[('Net-(D5001-A)', 'Net-(D5601-A)'), ('GND', 'GND'), ('/ADC1_IN1', '/ADC1_IN8'), ('+3.3V', '+3.3V'), ('/SENSE_1', '/SENSE_7')]
01-05 16:27:22 root 345:updating GUI with: 71
01-05 16:27:22 root 345:updating GUI with: 71
01-05 16:27:22 com_github_MitjaNemec_ReplicateLayout.replicate_layout 1020:Replicating tracks on sheet ['analogue_inputs', 'Analogue Input Stage7']
01-05 16:27:22 com_github_MitjaNemec_ReplicateLayout.replicate_layout 835:Src fp.id: '5E7373B1-D9FF-43E2-B56D-7CBFDD5FDC53'
01-05 16:27:22 com_github_MitjaNemec_ReplicateLayout.replicate_layout 839:Dst fp.id: '5E7373B1-D9FF-43E2-B56D-7CBFDD5FDC53'
01-05 16:27:22 com_github_MitjaNemec_ReplicateLayout.replicate_layout 792:Net pairs for sheet ['analogue_inputs', 'Analogue Input Stage7'] :[('GND', 'GND'), ('Net-(D5001-A)', 'Net-(D5701-A)'), ('+3.3V', '+3.3V'), ('/SENSE_1', '/SENSE_8'), ('/ADC1_IN1', '/ADC1_IN10')]
01-05 16:27:22 root 345:updating GUI with: 80
01-05 16:27:22 root 345:updating GUI with: 82
01-05 16:27:22 com_github_MitjaNemec_ReplicateLayout.replicate_layout 1020:Replicating tracks on sheet ['analogue_inputs', 'Analogue Input Stage8']
01-05 16:27:22 com_github_MitjaNemec_ReplicateLayout.replicate_layout 835:Src fp.id: '5E7373B1-D9FF-43E2-B56D-7CBFDD5FDC53'
01-05 16:27:22 com_github_MitjaNemec_ReplicateLayout.replicate_layout 839:Dst fp.id: '5E7373B1-D9FF-43E2-B56D-7CBFDD5FDC53'
01-05 16:27:22 com_github_MitjaNemec_ReplicateLayout.replicate_layout 792:Net pairs for sheet ['analogue_inputs', 'Analogue Input Stage8'] :[('GND', 'GND'), ('/SENSE_1', '/SENSE_9'), ('Net-(D5001-A)', 'Net-(D5801-A)'), ('+3.3V', '+3.3V'), ('/ADC1_IN1', '/ADC1_IN15')]
01-05 16:27:22 root 340:updating GUI message: 'Replicating zones'
01-05 16:27:22 root 345:updating GUI with: 0
01-05 16:27:22 com_github_MitjaNemec_ReplicateLayout.replicate_layout 1084:Replicating zones
01-05 16:27:22 com_github_MitjaNemec_ReplicateLayout.replicate_layout 1091:Replicating zones on sheet ['analogue_inputs', 'Analogue Input Stage1']
01-05 16:27:22 com_github_MitjaNemec_ReplicateLayout.replicate_layout 835:Src fp.id: '5E7373B1-D9FF-43E2-B56D-7CBFDD5FDC53'
01-05 16:27:22 com_github_MitjaNemec_ReplicateLayout.replicate_layout 839:Dst fp.id: '5E7373B1-D9FF-43E2-B56D-7CBFDD5FDC53'
01-05 16:27:22 com_github_MitjaNemec_ReplicateLayout.replicate_layout 792:Net pairs for sheet ['analogue_inputs', 'Analogue Input Stage1'] :[('/ADC1_IN1', '/ADC1_IN2'), ('GND', 'GND'), ('+3.3V', '+3.3V'), ('/SENSE_1', '/SENSE_2'), ('Net-(D5001-A)', 'Net-(D5101-A)')]
01-05 16:27:22 com_github_MitjaNemec_ReplicateLayout.replicate_layout 1091:Replicating zones on sheet ['analogue_inputs', 'Analogue Input Stage2']
01-05 16:27:22 com_github_MitjaNemec_ReplicateLayout.replicate_layout 835:Src fp.id: '5E7373B1-D9FF-43E2-B56D-7CBFDD5FDC53'
01-05 16:27:22 com_github_MitjaNemec_ReplicateLayout.replicate_layout 839:Dst fp.id: '5E7373B1-D9FF-43E2-B56D-7CBFDD5FDC53'
01-05 16:27:22 com_github_MitjaNemec_ReplicateLayout.replicate_layout 792:Net pairs for sheet ['analogue_inputs', 'Analogue Input Stage2'] :[('Net-(D5001-A)', 'Net-(D5201-A)'), ('GND', 'GND'), ('+3.3V', '+3.3V'), ('/ADC1_IN1', '/ADC1_IN3'), ('/SENSE_1', '/SENSE_3')]
01-05 16:27:22 com_github_MitjaNemec_ReplicateLayout.replicate_layout 1091:Replicating zones on sheet ['analogue_inputs', 'Analogue Input Stage3']
01-05 16:27:22 com_github_MitjaNemec_ReplicateLayout.replicate_layout 835:Src fp.id: '5E7373B1-D9FF-43E2-B56D-7CBFDD5FDC53'
01-05 16:27:22 com_github_MitjaNemec_ReplicateLayout.replicate_layout 839:Dst fp.id: '5E7373B1-D9FF-43E2-B56D-7CBFDD5FDC53'
01-05 16:27:22 com_github_MitjaNemec_ReplicateLayout.replicate_layout 792:Net pairs for sheet ['analogue_inputs', 'Analogue Input Stage3'] :[('GND', 'GND'), ('/ADC1_IN1', '/ADC1_IN4'), ('+3.3V', '+3.3V'), ('Net-(D5001-A)', 'Net-(D5301-A)'), ('/SENSE_1', '/SENSE_4')]
01-05 16:27:22 com_github_MitjaNemec_ReplicateLayout.replicate_layout 1091:Replicating zones on sheet ['analogue_inputs', 'Analogue Input Stage4']
01-05 16:27:22 com_github_MitjaNemec_ReplicateLayout.replicate_layout 835:Src fp.id: '5E7373B1-D9FF-43E2-B56D-7CBFDD5FDC53'
01-05 16:27:22 com_github_MitjaNemec_ReplicateLayout.replicate_layout 839:Dst fp.id: '5E7373B1-D9FF-43E2-B56D-7CBFDD5FDC53'
01-05 16:27:22 com_github_MitjaNemec_ReplicateLayout.replicate_layout 792:Net pairs for sheet ['analogue_inputs', 'Analogue Input Stage4'] :[('GND', 'GND'), ('+3.3V', '+3.3V'), ('Net-(D5001-A)', 'Net-(D5401-A)'), ('/ADC1_IN1', '/ADC1_IN6'), ('/SENSE_1', '/SENSE_5')]
01-05 16:27:22 com_github_MitjaNemec_ReplicateLayout.replicate_layout 1091:Replicating zones on sheet ['analogue_inputs', 'Analogue Input Stage5']
01-05 16:27:22 com_github_MitjaNemec_ReplicateLayout.replicate_layout 835:Src fp.id: '5E7373B1-D9FF-43E2-B56D-7CBFDD5FDC53'
01-05 16:27:22 com_github_MitjaNemec_ReplicateLayout.replicate_layout 839:Dst fp.id: '5E7373B1-D9FF-43E2-B56D-7CBFDD5FDC53'
01-05 16:27:22 com_github_MitjaNemec_ReplicateLayout.replicate_layout 792:Net pairs for sheet ['analogue_inputs', 'Analogue Input Stage5'] :[('GND', 'GND'), ('Net-(D5001-A)', 'Net-(D5501-A)'), ('+3.3V', '+3.3V'), ('/ADC1_IN1', '/ADC1_IN7'), ('/SENSE_1', '/SENSE_6')]
01-05 16:27:22 com_github_MitjaNemec_ReplicateLayout.replicate_layout 1091:Replicating zones on sheet ['analogue_inputs', 'Analogue Input Stage6']
01-05 16:27:22 com_github_MitjaNemec_ReplicateLayout.replicate_layout 835:Src fp.id: '5E7373B1-D9FF-43E2-B56D-7CBFDD5FDC53'
01-05 16:27:22 com_github_MitjaNemec_ReplicateLayout.replicate_layout 839:Dst fp.id: '5E7373B1-D9FF-43E2-B56D-7CBFDD5FDC53'
01-05 16:27:22 com_github_MitjaNemec_ReplicateLayout.replicate_layout 792:Net pairs for sheet ['analogue_inputs', 'Analogue Input Stage6'] :[('Net-(D5001-A)', 'Net-(D5601-A)'), ('GND', 'GND'), ('/ADC1_IN1', '/ADC1_IN8'), ('+3.3V', '+3.3V'), ('/SENSE_1', '/SENSE_7')]
01-05 16:27:22 com_github_MitjaNemec_ReplicateLayout.replicate_layout 1091:Replicating zones on sheet ['analogue_inputs', 'Analogue Input Stage7']
01-05 16:27:22 com_github_MitjaNemec_ReplicateLayout.replicate_layout 835:Src fp.id: '5E7373B1-D9FF-43E2-B56D-7CBFDD5FDC53'
01-05 16:27:22 com_github_MitjaNemec_ReplicateLayout.replicate_layout 839:Dst fp.id: '5E7373B1-D9FF-43E2-B56D-7CBFDD5FDC53'
01-05 16:27:22 com_github_MitjaNemec_ReplicateLayout.replicate_layout 792:Net pairs for sheet ['analogue_inputs', 'Analogue Input Stage7'] :[('GND', 'GND'), ('Net-(D5001-A)', 'Net-(D5701-A)'), ('+3.3V', '+3.3V'), ('/SENSE_1', '/SENSE_8'), ('/ADC1_IN1', '/ADC1_IN10')]
01-05 16:27:22 com_github_MitjaNemec_ReplicateLayout.replicate_layout 1091:Replicating zones on sheet ['analogue_inputs', 'Analogue Input Stage8']
01-05 16:27:22 com_github_MitjaNemec_ReplicateLayout.replicate_layout 835:Src fp.id: '5E7373B1-D9FF-43E2-B56D-7CBFDD5FDC53'
01-05 16:27:22 com_github_MitjaNemec_ReplicateLayout.replicate_layout 839:Dst fp.id: '5E7373B1-D9FF-43E2-B56D-7CBFDD5FDC53'
01-05 16:27:22 com_github_MitjaNemec_ReplicateLayout.replicate_layout 792:Net pairs for sheet ['analogue_inputs', 'Analogue Input Stage8'] :[('GND', 'GND'), ('/SENSE_1', '/SENSE_9'), ('Net-(D5001-A)', 'Net-(D5801-A)'), ('+3.3V', '+3.3V'), ('/ADC1_IN1', '/ADC1_IN15')]
01-05 16:27:22 root 340:updating GUI message: 'Replicating text'
01-05 16:27:22 com_github_MitjaNemec_ReplicateLayout.replicate_layout 1173:Replicating text
01-05 16:27:22 com_github_MitjaNemec_ReplicateLayout.replicate_layout 1180:Replicating text on sheet ['analogue_inputs', 'Analogue Input Stage1']
01-05 16:27:22 com_github_MitjaNemec_ReplicateLayout.replicate_layout 835:Src fp.id: '5E7373B1-D9FF-43E2-B56D-7CBFDD5FDC53'
01-05 16:27:22 com_github_MitjaNemec_ReplicateLayout.replicate_layout 839:Dst fp.id: '5E7373B1-D9FF-43E2-B56D-7CBFDD5FDC53'
01-05 16:27:22 com_github_MitjaNemec_ReplicateLayout.replicate_layout 1180:Replicating text on sheet ['analogue_inputs', 'Analogue Input Stage2']
01-05 16:27:22 com_github_MitjaNemec_ReplicateLayout.replicate_layout 835:Src fp.id: '5E7373B1-D9FF-43E2-B56D-7CBFDD5FDC53'
01-05 16:27:22 com_github_MitjaNemec_ReplicateLayout.replicate_layout 839:Dst fp.id: '5E7373B1-D9FF-43E2-B56D-7CBFDD5FDC53'
01-05 16:27:22 com_github_MitjaNemec_ReplicateLayout.replicate_layout 1180:Replicating text on sheet ['analogue_inputs', 'Analogue Input Stage3']
01-05 16:27:22 com_github_MitjaNemec_ReplicateLayout.replicate_layout 835:Src fp.id: '5E7373B1-D9FF-43E2-B56D-7CBFDD5FDC53'
01-05 16:27:22 com_github_MitjaNemec_ReplicateLayout.replicate_layout 839:Dst fp.id: '5E7373B1-D9FF-43E2-B56D-7CBFDD5FDC53'
01-05 16:27:22 com_github_MitjaNemec_ReplicateLayout.replicate_layout 1180:Replicating text on sheet ['analogue_inputs', 'Analogue Input Stage4']
01-05 16:27:22 com_github_MitjaNemec_ReplicateLayout.replicate_layout 835:Src fp.id: '5E7373B1-D9FF-43E2-B56D-7CBFDD5FDC53'
01-05 16:27:22 com_github_MitjaNemec_ReplicateLayout.replicate_layout 839:Dst fp.id: '5E7373B1-D9FF-43E2-B56D-7CBFDD5FDC53'
01-05 16:27:22 com_github_MitjaNemec_ReplicateLayout.replicate_layout 1180:Replicating text on sheet ['analogue_inputs', 'Analogue Input Stage5']
01-05 16:27:22 com_github_MitjaNemec_ReplicateLayout.replicate_layout 835:Src fp.id: '5E7373B1-D9FF-43E2-B56D-7CBFDD5FDC53'
01-05 16:27:22 com_github_MitjaNemec_ReplicateLayout.replicate_layout 839:Dst fp.id: '5E7373B1-D9FF-43E2-B56D-7CBFDD5FDC53'
01-05 16:27:22 com_github_MitjaNemec_ReplicateLayout.replicate_layout 1180:Replicating text on sheet ['analogue_inputs', 'Analogue Input Stage6']
01-05 16:27:22 com_github_MitjaNemec_ReplicateLayout.replicate_layout 835:Src fp.id: '5E7373B1-D9FF-43E2-B56D-7CBFDD5FDC53'
01-05 16:27:22 com_github_MitjaNemec_ReplicateLayout.replicate_layout 839:Dst fp.id: '5E7373B1-D9FF-43E2-B56D-7CBFDD5FDC53'
01-05 16:27:22 com_github_MitjaNemec_ReplicateLayout.replicate_layout 1180:Replicating text on sheet ['analogue_inputs', 'Analogue Input Stage7']
01-05 16:27:22 com_github_MitjaNemec_ReplicateLayout.replicate_layout 835:Src fp.id: '5E7373B1-D9FF-43E2-B56D-7CBFDD5FDC53'
01-05 16:27:22 com_github_MitjaNemec_ReplicateLayout.replicate_layout 839:Dst fp.id: '5E7373B1-D9FF-43E2-B56D-7CBFDD5FDC53'
01-05 16:27:22 com_github_MitjaNemec_ReplicateLayout.replicate_layout 1180:Replicating text on sheet ['analogue_inputs', 'Analogue Input Stage8']
01-05 16:27:22 com_github_MitjaNemec_ReplicateLayout.replicate_layout 835:Src fp.id: '5E7373B1-D9FF-43E2-B56D-7CBFDD5FDC53'
01-05 16:27:22 com_github_MitjaNemec_ReplicateLayout.replicate_layout 839:Dst fp.id: '5E7373B1-D9FF-43E2-B56D-7CBFDD5FDC53'
01-05 16:27:22 root 340:updating GUI message: 'Replicating drawings'
01-05 16:27:22 com_github_MitjaNemec_ReplicateLayout.replicate_layout 1224:Replicating drawings
01-05 16:27:22 root 345:updating GUI with: 0
01-05 16:27:22 com_github_MitjaNemec_ReplicateLayout.replicate_layout 1230:Replicating drawings on sheet ['analogue_inputs', 'Analogue Input Stage1']
01-05 16:27:22 com_github_MitjaNemec_ReplicateLayout.replicate_layout 835:Src fp.id: '5E7373B1-D9FF-43E2-B56D-7CBFDD5FDC53'
01-05 16:27:22 com_github_MitjaNemec_ReplicateLayout.replicate_layout 839:Dst fp.id: '5E7373B1-D9FF-43E2-B56D-7CBFDD5FDC53'
01-05 16:27:22 root 345:updating GUI with: 12
01-05 16:27:22 com_github_MitjaNemec_ReplicateLayout.replicate_layout 1230:Replicating drawings on sheet ['analogue_inputs', 'Analogue Input Stage2']
01-05 16:27:22 com_github_MitjaNemec_ReplicateLayout.replicate_layout 835:Src fp.id: '5E7373B1-D9FF-43E2-B56D-7CBFDD5FDC53'
01-05 16:27:22 com_github_MitjaNemec_ReplicateLayout.replicate_layout 839:Dst fp.id: '5E7373B1-D9FF-43E2-B56D-7CBFDD5FDC53'
01-05 16:27:22 com_github_MitjaNemec_ReplicateLayout.replicate_layout 1230:Replicating drawings on sheet ['analogue_inputs', 'Analogue Input Stage3']
01-05 16:27:22 com_github_MitjaNemec_ReplicateLayout.replicate_layout 835:Src fp.id: '5E7373B1-D9FF-43E2-B56D-7CBFDD5FDC53'
01-05 16:27:22 com_github_MitjaNemec_ReplicateLayout.replicate_layout 839:Dst fp.id: '5E7373B1-D9FF-43E2-B56D-7CBFDD5FDC53'
01-05 16:27:22 com_github_MitjaNemec_ReplicateLayout.replicate_layout 1230:Replicating drawings on sheet ['analogue_inputs', 'Analogue Input Stage4']
01-05 16:27:22 com_github_MitjaNemec_ReplicateLayout.replicate_layout 835:Src fp.id: '5E7373B1-D9FF-43E2-B56D-7CBFDD5FDC53'
01-05 16:27:22 com_github_MitjaNemec_ReplicateLayout.replicate_layout 839:Dst fp.id: '5E7373B1-D9FF-43E2-B56D-7CBFDD5FDC53'
01-05 16:27:22 com_github_MitjaNemec_ReplicateLayout.replicate_layout 1230:Replicating drawings on sheet ['analogue_inputs', 'Analogue Input Stage5']
01-05 16:27:22 com_github_MitjaNemec_ReplicateLayout.replicate_layout 835:Src fp.id: '5E7373B1-D9FF-43E2-B56D-7CBFDD5FDC53'
01-05 16:27:22 com_github_MitjaNemec_ReplicateLayout.replicate_layout 839:Dst fp.id: '5E7373B1-D9FF-43E2-B56D-7CBFDD5FDC53'
01-05 16:27:22 com_github_MitjaNemec_ReplicateLayout.replicate_layout 1230:Replicating drawings on sheet ['analogue_inputs', 'Analogue Input Stage6']
01-05 16:27:22 com_github_MitjaNemec_ReplicateLayout.replicate_layout 835:Src fp.id: '5E7373B1-D9FF-43E2-B56D-7CBFDD5FDC53'
01-05 16:27:22 com_github_MitjaNemec_ReplicateLayout.replicate_layout 839:Dst fp.id: '5E7373B1-D9FF-43E2-B56D-7CBFDD5FDC53'
01-05 16:27:22 com_github_MitjaNemec_ReplicateLayout.replicate_layout 1230:Replicating drawings on sheet ['analogue_inputs', 'Analogue Input Stage7']
01-05 16:27:22 com_github_MitjaNemec_ReplicateLayout.replicate_layout 835:Src fp.id: '5E7373B1-D9FF-43E2-B56D-7CBFDD5FDC53'
01-05 16:27:22 com_github_MitjaNemec_ReplicateLayout.replicate_layout 839:Dst fp.id: '5E7373B1-D9FF-43E2-B56D-7CBFDD5FDC53'
01-05 16:27:22 com_github_MitjaNemec_ReplicateLayout.replicate_layout 1230:Replicating drawings on sheet ['analogue_inputs', 'Analogue Input Stage8']
01-05 16:27:22 com_github_MitjaNemec_ReplicateLayout.replicate_layout 835:Src fp.id: '5E7373B1-D9FF-43E2-B56D-7CBFDD5FDC53'
01-05 16:27:22 com_github_MitjaNemec_ReplicateLayout.replicate_layout 839:Dst fp.id: '5E7373B1-D9FF-43E2-B56D-7CBFDD5FDC53'
01-05 16:27:22 com_github_MitjaNemec_ReplicateLayout.action_replicate_layout 264:Replication complete
