ERC report (2026-04-29T13:19:58, Encoding UTF8)
Report includes: Errors, Warnings, Exclusions

***** Sheet /
[wire_dangling]: Wires not connected to anything
    ; error
    @(58.42 mm, 49.53 mm): Horizontal Wire, length 105.41 mm
    @(156.21 mm, 90.17 mm): Horizontal Wire, length 7.62 mm
[wire_dangling]: Wires not connected to anything
    ; error
    @(133.35 mm, 76.20 mm): Vertical Wire, length 6.35 mm
    @(148.59 mm, 76.20 mm): Horizontal Wire, length 46.99 mm
[wire_dangling]: Wires not connected to anything
    ; error
    @(195.58 mm, 88.90 mm): Vertical Wire, length 7.62 mm
    @(217.17 mm, 96.52 mm): Horizontal Wire, length 12.70 mm
[wire_dangling]: Wires not connected to anything
    ; error
    @(194.31 mm, 105.41 mm): Vertical Wire, length 7.62 mm
    @(193.04 mm, 105.41 mm): Horizontal Wire, length 1.27 mm
[isolated_pin_label]: Label connected to only one pin
    ; warning
    @(83.82 mm, 92.71 mm): Hierarchical Label 'CAN_RX'
[isolated_pin_label]: Label connected to only one pin
    ; warning
    @(83.82 mm, 95.25 mm): Hierarchical Label 'CAN_TX'
[isolated_pin_label]: Label connected to only one pin
    ; warning
    @(104.14 mm, 105.41 mm): Hierarchical Label 'BUZZER'

***** Sheet /shared_usbc/
[hier_label_mismatch]: Hierarchical label USB_OTG_FS_VBUS has no matching sheet pin in the parent sheet
    ; error
    @(201.93 mm, 78.74 mm): Hierarchical Label 'USB_OTG_FS_VBUS'
[hier_label_mismatch]: Hierarchical label USB_OTG_FS_DM has no matching sheet pin in the parent sheet
    ; error
    @(201.93 mm, 91.44 mm): Hierarchical Label 'USB_OTG_FS_DM'
[hier_label_mismatch]: Hierarchical label USB_OTG_FS_DP has no matching sheet pin in the parent sheet
    ; error
    @(201.93 mm, 96.52 mm): Hierarchical Label 'USB_OTG_FS_DP'

***** Sheet /shared_can_isolated/
[hier_label_mismatch]: Hierarchical label CAN_RX has no matching sheet pin in the parent sheet
    ; error
    @(83.82 mm, 92.71 mm): Hierarchical Label 'CAN_RX'
[hier_label_mismatch]: Hierarchical label CAN_TX has no matching sheet pin in the parent sheet
    ; error
    @(83.82 mm, 95.25 mm): Hierarchical Label 'CAN_TX'
[power_pin_not_driven]: Input Power pin not driven by any Output Power pins
    ; error
    @(135.89 mm, 90.17 mm): Symbol U? Pin 1 [VCC1, Power input, Line]
[pin_not_driven]: Input pin not driven by any Output pins
    ; error
    @(135.89 mm, 95.25 mm): Symbol U? Pin 2 [TXD, Input, Line]
[power_pin_not_driven]: Input Power pin not driven by any Output Power pins
    ; error
    @(74.93 mm, 156.21 mm): Symbol U? Pin 2 [+VIN, Power input, Line]
[power_pin_not_driven]: Input Power pin not driven by any Output Power pins
    ; error
    @(74.93 mm, 165.10 mm): Symbol U? Pin 1 [-VIN, Power input, Line]
[hier_label_mismatch]: Hierarchical label GND_ISO has no matching sheet pin in the parent sheet
    ; error
    @(133.35 mm, 166.37 mm): Hierarchical Label 'GND_ISO'
[hier_label_mismatch]: Hierarchical label CAN_H has no matching sheet pin in the parent sheet
    ; error
    @(218.44 mm, 62.23 mm): Hierarchical Label 'CAN_H'
[hier_label_mismatch]: Hierarchical label CAN_L has no matching sheet pin in the parent sheet
    ; error
    @(218.44 mm, 81.28 mm): Hierarchical Label 'CAN_L'

***** Sheet /shared_ism330dhcx/
[hier_label_mismatch]: Hierarchical label ISM_SDI has no matching sheet pin in the parent sheet
    ; error
    @(88.90 mm, 59.69 mm): Hierarchical Label 'ISM_SDI'
[hier_label_mismatch]: Hierarchical label ISM_SDO has no matching sheet pin in the parent sheet
    ; error
    @(88.90 mm, 62.23 mm): Hierarchical Label 'ISM_SDO'
[hier_label_mismatch]: Hierarchical label ISM_SCK has no matching sheet pin in the parent sheet
    ; error
    @(88.90 mm, 64.77 mm): Hierarchical Label 'ISM_SCK'
[hier_label_mismatch]: Hierarchical label ISM_CS has no matching sheet pin in the parent sheet
    ; error
    @(88.90 mm, 67.31 mm): Hierarchical Label 'ISM_CS'
[hier_label_mismatch]: Hierarchical label ISM_INT1 has no matching sheet pin in the parent sheet
    ; error
    @(88.90 mm, 95.25 mm): Hierarchical Label 'ISM_INT1'
[hier_label_mismatch]: Hierarchical label ISM_INT2 has no matching sheet pin in the parent sheet
    ; error
    @(88.90 mm, 99.06 mm): Hierarchical Label 'ISM_INT2'

***** Sheet /shared_buzzer/
[hier_label_mismatch]: Hierarchical label BUZZER has no matching sheet pin in the parent sheet
    ; error
    @(104.14 mm, 105.41 mm): Hierarchical Label 'BUZZER'

 ** ERC messages: 26  Errors 23  Warnings 3

 ** Ignored checks:
    - Global label only appears once in the schematic
    - Four connection points are joined together
    - SPICE model issue
    - Assigned footprint doesn't match footprint filters
